<?xml version="1.0" encoding="UTF-8"?>
<testsuites name="1. Login - submit" time="164.371" tests="2" failures="0" errors="0">
   <testsuite name="1. Login - submit" tests="2" failures="0" errors="0" time="164.371" skipped="0" timestamp="2022-06-16 09:48:12" hostname="Nia Yusniati - Apandi" id="Test Suites/Upgrade - renewal FINA - Aswata/9.11/1. Login - submit">
      <properties>
         <property name="deviceName" value="samsung SM-M315F (Android 11)"/>
         <property name="devicePlatform" value=""/>
         <property name="logFolder" value="C:\\Users\\Nia Yusniati\\Git_Asa\\katalon-fina\\Reports\\20220616_094745\\Upgrade - renewal FINA - Aswata\\9.11\\1. Login - submit\\20220616_094745"/>
         <property name="logFiles" value="C:\\Users\\Nia Yusniati\\Git_Asa\\katalon-fina\\Reports\\20220616_094745\\Upgrade - renewal FINA - Aswata\\9.11\\1. Login - submit\\20220616_094745\\appium.log, C:\\Users\\Nia Yusniati\\Git_Asa\\katalon-fina\\Reports\\20220616_094745\\Upgrade - renewal FINA - Aswata\\9.11\\1. Login - submit\\20220616_094745\\execution0.log"/>
         <property name="attachments" value="C:\Users\Nia Yusniati\Git_Asa\katalon-fina\Screenshots\mobile\cakpro\keyes\keyes-skenario-11.1-input username dan password.png, C:\Users\Nia Yusniati\Git_Asa\katalon-fina\Screenshots\mobile\cakpro\keyes\keyes-skenario-11.2-berhasil login.png, C:\Users\Nia Yusniati\Git_Asa\katalon-fina\Screenshots\mobile\raksa\keyes\keyes-skenario-12.3-list kendaraan.png, C:\Users\Nia Yusniati\Git_Asa\katalon-fina\Screenshots\mobile\cakpro\keyes\keyes-skenario-11.4-submit renewal.png, C:\Users\Nia Yusniati\Git_Asa\katalon-fina\Screenshots\mobile\cakpro\keyes\keyes-skenario-11.5-konfirmasi renewal.png, C:\Users\Nia Yusniati\Git_Asa\katalon-fina\Screenshots\mobile\cakpro\keyes\keyes-skenario-11.6-proses submit berhasil.png"/>
         <property name="hostName" value="Nia Yusniati - Apandi"/>
         <property name="os" value="Windows 10 64bit"/>
         <property name="appiumServerStatus" value="{&quot;value&quot;:{&quot;build&quot;:{&quot;version&quot;:&quot;1.22.2&quot;}},&quot;sessionId&quot;:null,&quot;status&quot;:0}"/>
         <property name="katalonVersion" value="8.1.0.208"/>
         <property name="deviceOS" value="Android"/>
         <property name="appiumVersion" value="1.22.2"/>
         <property name="deviceModel" value="SM-M315F"/>
         <property name="hostAddress" value="192.168.20.156"/>
         <property name="deviceManufacturer" value="samsung"/>
         <property name="deviceId" value="RR8N605F11Y"/>
         <property name="deviceName" value="samsung SM-M315F (Android 11)"/>
         <property name="deviceOSVersion" value="11"/>
      </properties>
      <testcase name="Test Cases/DMS_Renewal dan Upgrade Asuransi Aswata/Matriks 9.11/11.1. Login - konsumen" time="51.46" classname="Test Cases/DMS_Renewal dan Upgrade Asuransi Aswata/Matriks 9.11/11.1. Login - konsumen" status="PASSED">
         <system-out><![CDATA[2022-06-16 09:48:13 - [TEST_CASE][PASSED] - Test Cases/DMS_Renewal dan Upgrade Asuransi Aswata/Matriks 9.11/11.1. Login - konsumen: Test Cases/DMS_Renewal dan Upgrade Asuransi Aswata/Matriks 9.11/11.1. Login - konsumen

2022-06-16 09:48:14 - [TEST_STEP][PASSED] - baseDir = System.getProperty("user.dir"): null

2022-06-16 09:48:14 - [TEST_STEP][PASSED] - startExistingApplication("com.vq.mbrochuregp.client.android", STOP_ON_FAILURE): Starting app with application ID: 'com.vq.mbrochuregp.client.android'

2022-06-16 09:48:18 - [MESSAGE][INFO] - Appium server started on port 54,913

2022-06-16 09:48:32 - [MESSAGE][PASSED] - Starting app with application ID: 'com.vq.mbrochuregp.client.android'

2022-06-16 09:48:32 - [TEST_STEP][PASSED] - delay(8): Delayed 8 second(s)

2022-06-16 09:48:40 - [MESSAGE][PASSED] - Delayed 8 second(s)

2022-06-16 09:48:40 - [TEST_STEP][PASSED] - element = findElement(findTestObject("DMS_FINA_Mobile/FINA_BottomNav_Account_Button"), 10): null

2022-06-16 09:48:42 - [TEST_STEP][PASSED] - element.click(): null

2022-06-16 09:48:42 - [TEST_STEP][PASSED] - setText(findTestObject("DMS_FINA_Mobile/FINA_Login/Login_Text"), findTestData("DMS_Asr_Cakpro").getObjectValue("Login", 47), 0): Text 'hilda@mailinator.com' has been set to element 'Object Repository/DMS_FINA_Mobile/FINA_Login/Login_Text'

2022-06-16 09:48:43 - [MESSAGE][WARNING] - Timeout '0' is invalid. Using default page load timeout: '30'

2022-06-16 09:48:45 - [MESSAGE][PASSED] - Text 'hilda@mailinator.com' has been set to element 'Object Repository/DMS_FINA_Mobile/FINA_Login/Login_Text'

2022-06-16 09:48:45 - [TEST_STEP][PASSED] - setText(findTestObject("DMS_FINA_Mobile/FINA_Login/Login_Password_Text"), findTestData("DMS_Asr_Cakpro").getObjectValue("Pass", 47), 0): Text '123abc' has been set to element 'Object Repository/DMS_FINA_Mobile/FINA_Login/Login_Password_Text'

2022-06-16 09:48:45 - [MESSAGE][WARNING] - Timeout '0' is invalid. Using default page load timeout: '30'

2022-06-16 09:48:46 - [MESSAGE][PASSED] - Text '123abc' has been set to element 'Object Repository/DMS_FINA_Mobile/FINA_Login/Login_Password_Text'

2022-06-16 09:48:46 - [TEST_STEP][PASSED] - takeScreenshotAsCheckpoint(baseDir + sspathasuransicakpro + "skenario-11.1-input username dan password" + ".png", STOP_ON_FAILURE): Screenshot is taken

2022-06-16 09:48:49 - [MESSAGE][INFO] - 0 hidden object(s)

2022-06-16 09:48:49 - [MESSAGE][PASSED] - Screenshot is taken
[[ATTACHMENT|C:\Users\Nia Yusniati\Git_Asa\katalon-fina\Screenshots\mobile\cakpro\keyes\keyes-skenario-11.1-input username dan password.png]]

2022-06-16 09:48:49 - [TEST_STEP][PASSED] - tap(findTestObject("DMS_FINA_Mobile/FINA_Login/FINA_Login_Button"), 0): Tapped on element 'Object Repository/DMS_FINA_Mobile/FINA_Login/FINA_Login_Button'

2022-06-16 09:48:49 - [MESSAGE][WARNING] - Timeout '0' is invalid. Using default page load timeout: '30'

2022-06-16 09:48:50 - [MESSAGE][PASSED] - Tapped on element 'Object Repository/DMS_FINA_Mobile/FINA_Login/FINA_Login_Button'

2022-06-16 09:48:50 - [TEST_STEP][PASSED] - delay(0, STOP_ON_FAILURE): Delayed 0 second(s)

2022-06-16 09:48:50 - [MESSAGE][PASSED] - Delayed 0 second(s)

2022-06-16 09:48:50 - [TEST_STEP][PASSED] - scrollToText("Suku Bunga", STOP_ON_FAILURE): Scrolling to text 'Suku Bunga' successfully

2022-06-16 09:48:59 - [MESSAGE][PASSED] - Scrolling to text 'Suku Bunga' successfully

2022-06-16 09:48:59 - [TEST_STEP][PASSED] - elementAccount = findElement(findTestObject("DMS_FINA_Mobile/FINA_BottomNav_Account_Button"), 10): null

2022-06-16 09:49:00 - [TEST_STEP][PASSED] - elementAccount.click(): null

2022-06-16 09:49:00 - [TEST_STEP][PASSED] - delay(2): Delayed 2 second(s)

2022-06-16 09:49:02 - [MESSAGE][PASSED] - Delayed 2 second(s)

2022-06-16 09:49:02 - [TEST_STEP][PASSED] - takeScreenshotAsCheckpoint(baseDir + sspathasuransicakpro + "skenario-11.2-berhasil login" + ".png", STOP_ON_FAILURE): Screenshot is taken

2022-06-16 09:49:03 - [MESSAGE][INFO] - 0 hidden object(s)

2022-06-16 09:49:04 - [MESSAGE][PASSED] - Screenshot is taken
[[ATTACHMENT|C:\Users\Nia Yusniati\Git_Asa\katalon-fina\Screenshots\mobile\cakpro\keyes\keyes-skenario-11.2-berhasil login.png]]

2022-06-16 09:49:04 - [TEST_STEP][PASSED] - elementHome = findElement(findTestObject("DMS_FINA_Mobile/FINA_BottomNav_Home_Button"), 10): null

2022-06-16 09:49:04 - [TEST_STEP][PASSED] - elementHome.click(): null]]></system-out>
         <system-err><![CDATA[]]></system-err>
      </testcase>
      <testcase name="Test Cases/DMS_Renewal dan Upgrade Asuransi Aswata/Matriks 9.11/11.2. Renewal Asuransi" time="111.102" classname="Test Cases/DMS_Renewal dan Upgrade Asuransi Aswata/Matriks 9.11/11.2. Renewal Asuransi" status="PASSED">
         <system-out><![CDATA[2022-06-16 09:49:04 - [TEST_CASE][PASSED] - Test Cases/DMS_Renewal dan Upgrade Asuransi Aswata/Matriks 9.11/11.2. Renewal Asuransi: Test Cases/DMS_Renewal dan Upgrade Asuransi Aswata/Matriks 9.11/11.2. Renewal Asuransi

2022-06-16 09:49:05 - [TEST_STEP][PASSED] - baseDir = System.getProperty("user.dir"): null

2022-06-16 09:49:05 - [TEST_STEP][PASSED] - startExistingApplication("com.vq.mbrochuregp.client.android", STOP_ON_FAILURE): Starting app with application ID: 'com.vq.mbrochuregp.client.android'

2022-06-16 09:49:16 - [MESSAGE][PASSED] - Starting app with application ID: 'com.vq.mbrochuregp.client.android'

2022-06-16 09:49:16 - [TEST_STEP][PASSED] - delay(8): Delayed 8 second(s)

2022-06-16 09:49:24 - [MESSAGE][PASSED] - Delayed 8 second(s)

2022-06-16 09:49:24 - [TEST_STEP][PASSED] - pressBack(): Press back button successfully

2022-06-16 09:49:24 - [MESSAGE][PASSED] - Press back button successfully

2022-06-16 09:49:25 - [TEST_STEP][PASSED] - tap(findTestObject("DMS_FINA_Mobile/FINA_Login/android.widget.Button - TIDAK"), 0): Tapped on element 'Object Repository/DMS_FINA_Mobile/FINA_Login/android.widget.Button - TIDAK'

2022-06-16 09:49:25 - [MESSAGE][WARNING] - Timeout '0' is invalid. Using default page load timeout: '30'

2022-06-16 09:49:27 - [MESSAGE][PASSED] - Tapped on element 'Object Repository/DMS_FINA_Mobile/FINA_Login/android.widget.Button - TIDAK'

2022-06-16 09:49:27 - [TEST_STEP][PASSED] - tap(findTestObject("DMS_FINA_Mobile/FINA_Mobile_Main Menu/FINA_Menu_More_Button"), 0): Tapped on element 'Object Repository/DMS_FINA_Mobile/FINA_Mobile_Main Menu/FINA_Menu_More_Button'

2022-06-16 09:49:27 - [MESSAGE][WARNING] - Timeout '0' is invalid. Using default page load timeout: '30'

2022-06-16 09:49:28 - [MESSAGE][PASSED] - Tapped on element 'Object Repository/DMS_FINA_Mobile/FINA_Mobile_Main Menu/FINA_Menu_More_Button'

2022-06-16 09:49:28 - [TEST_STEP][PASSED] - tap(findTestObject("DMS_FINA_Mobile/FINA_Menu_More Menu/Features/FINA_More_RenewalAsr_Button"), 0): Tapped on element 'Object Repository/DMS_FINA_Mobile/FINA_Menu_More Menu/Features/FINA_More_RenewalAsr_Button'

2022-06-16 09:49:28 - [MESSAGE][WARNING] - Timeout '0' is invalid. Using default page load timeout: '30'

2022-06-16 09:49:29 - [MESSAGE][PASSED] - Tapped on element 'Object Repository/DMS_FINA_Mobile/FINA_Menu_More Menu/Features/FINA_More_RenewalAsr_Button'

2022-06-16 09:49:29 - [TEST_STEP][PASSED] - delay(30): Delayed 30 second(s)

2022-06-16 09:49:59 - [MESSAGE][PASSED] - Delayed 30 second(s)

2022-06-16 09:49:59 - [TEST_STEP][PASSED] - takeScreenshotAsCheckpoint(baseDir + sspathasuransiraksa + "skenario-12.3-list kendaraan" + ".png", STOP_ON_FAILURE): Screenshot is taken

2022-06-16 09:50:01 - [MESSAGE][INFO] - 0 hidden object(s)

2022-06-16 09:50:01 - [MESSAGE][PASSED] - Screenshot is taken
[[ATTACHMENT|C:\Users\Nia Yusniati\Git_Asa\katalon-fina\Screenshots\mobile\raksa\keyes\keyes-skenario-12.3-list kendaraan.png]]

2022-06-16 09:50:01 - [TEST_STEP][PASSED] - tap(findTestObject("APN_Fina New Versi/List Data/Renewal 1-1"), 0): Tapped on element 'Object Repository/APN_Fina New Versi/List Data/Renewal 1-1'

2022-06-16 09:50:01 - [MESSAGE][WARNING] - Timeout '0' is invalid. Using default page load timeout: '30'

2022-06-16 09:50:02 - [MESSAGE][PASSED] - Tapped on element 'Object Repository/APN_Fina New Versi/List Data/Renewal 1-1'

2022-06-16 09:50:02 - [TEST_STEP][PASSED] - delay(10): Delayed 10 second(s)

2022-06-16 09:50:12 - [MESSAGE][PASSED] - Delayed 10 second(s)

2022-06-16 09:50:12 - [TEST_STEP][PASSED] - "start": null

2022-06-16 09:50:12 - [TEST_STEP][PASSED] - device_Height = getDeviceHeight(): Current device physical height is 2131

2022-06-16 09:50:12 - [MESSAGE][PASSED] - Current device physical height is 2131

2022-06-16 09:50:12 - [TEST_STEP][PASSED] - device_Width = getDeviceWidth(): Current device physical width is 1080

2022-06-16 09:50:12 - [MESSAGE][PASSED] - Current device physical width is 1080

2022-06-16 09:50:12 - [TEST_STEP][PASSED] - startX = device_Width / 2: null

2022-06-16 09:50:12 - [TEST_STEP][PASSED] - endX = startX: null

2022-06-16 09:50:12 - [TEST_STEP][PASSED] - startY = device_Height * 0.30: null

2022-06-16 09:50:12 - [TEST_STEP][PASSED] - endY = device_Height * 0.70: null

2022-06-16 09:50:12 - [TEST_STEP][PASSED] - swipe(startX, endY, endX, startY): Swiped from 540,1,491 to 540,639

2022-06-16 09:50:14 - [MESSAGE][PASSED] - Swiped from 540,1,491 to 540,639

2022-06-16 09:50:14 - [TEST_STEP][PASSED] - comment("end"): end

2022-06-16 09:50:14 - [MESSAGE][INFO] - end

2022-06-16 09:50:14 - [TEST_STEP][PASSED] - tap(findTestObject("DMS_FINA_Mobile/FINA_Renewal_Asuransi/FINA_RenewalAsr_DetailAsr_TLO 3thn_Radiobutton"), 0): Tapped on element 'Object Repository/DMS_FINA_Mobile/FINA_Renewal_Asuransi/FINA_RenewalAsr_DetailAsr_TLO 3thn_Radiobutton'

2022-06-16 09:50:14 - [MESSAGE][WARNING] - Timeout '0' is invalid. Using default page load timeout: '30'

2022-06-16 09:50:15 - [MESSAGE][PASSED] - Tapped on element 'Object Repository/DMS_FINA_Mobile/FINA_Renewal_Asuransi/FINA_RenewalAsr_DetailAsr_TLO 3thn_Radiobutton'

2022-06-16 09:50:15 - [TEST_STEP][PASSED] - delay(2): Delayed 2 second(s)

2022-06-16 09:50:17 - [MESSAGE][PASSED] - Delayed 2 second(s)

2022-06-16 09:50:17 - [TEST_STEP][PASSED] - takeScreenshotAsCheckpoint(baseDir + sspathasuransicakpro + "skenario-11.4-submit renewal" + ".png", STOP_ON_FAILURE): Screenshot is taken

2022-06-16 09:50:18 - [MESSAGE][INFO] - 0 hidden object(s)

2022-06-16 09:50:19 - [MESSAGE][PASSED] - Screenshot is taken
[[ATTACHMENT|C:\Users\Nia Yusniati\Git_Asa\katalon-fina\Screenshots\mobile\cakpro\keyes\keyes-skenario-11.4-submit renewal.png]]

2022-06-16 09:50:19 - [TEST_STEP][PASSED] - Lanjutkan = findElement(findTestObject("DMS_FINA_Mobile/FINA_Renewal_Asuransi/FINA_RenewalAsr_DetailAsr_Lanjutkan_Button"), 10): null

2022-06-16 09:50:19 - [TEST_STEP][PASSED] - Lanjutkan.click(): null

2022-06-16 09:50:19 - [TEST_STEP][PASSED] - delay(10): Delayed 10 second(s)

2022-06-16 09:50:29 - [MESSAGE][PASSED] - Delayed 10 second(s)

2022-06-16 09:50:29 - [TEST_STEP][PASSED] - takeScreenshotAsCheckpoint(baseDir + sspathasuransicakpro + "skenario-11.5-konfirmasi renewal" + ".png", STOP_ON_FAILURE): Screenshot is taken

2022-06-16 09:50:31 - [MESSAGE][INFO] - 0 hidden object(s)

2022-06-16 09:50:31 - [MESSAGE][PASSED] - Screenshot is taken
[[ATTACHMENT|C:\Users\Nia Yusniati\Git_Asa\katalon-fina\Screenshots\mobile\cakpro\keyes\keyes-skenario-11.5-konfirmasi renewal.png]]

2022-06-16 09:50:31 - [TEST_STEP][PASSED] - Submit = findElement(findTestObject("DMS_FINA_Mobile/FINA_Renewal_Asuransi/FINA_RenewalAsr_DetailAsr_Submit_Button"), 10): null

2022-06-16 09:50:32 - [TEST_STEP][PASSED] - Submit.click(): null

2022-06-16 09:50:32 - [TEST_STEP][PASSED] - tap(findTestObject("DMS_FINA_Mobile/FINA_Renewal_Asuransi/FINA_RenewalAsr_Submit_Ya_Button"), 0): Tapped on element 'Object Repository/DMS_FINA_Mobile/FINA_Renewal_Asuransi/FINA_RenewalAsr_Submit_Ya_Button'

2022-06-16 09:50:32 - [MESSAGE][WARNING] - Timeout '0' is invalid. Using default page load timeout: '30'

2022-06-16 09:50:33 - [MESSAGE][PASSED] - Tapped on element 'Object Repository/DMS_FINA_Mobile/FINA_Renewal_Asuransi/FINA_RenewalAsr_Submit_Ya_Button'

2022-06-16 09:50:33 - [TEST_STEP][PASSED] - delay(10): Delayed 10 second(s)

2022-06-16 09:50:43 - [MESSAGE][PASSED] - Delayed 10 second(s)

2022-06-16 09:50:43 - [TEST_STEP][PASSED] - takeScreenshotAsCheckpoint(baseDir + sspathasuransicakpro + "skenario-11.6-proses submit berhasil" + ".png", STOP_ON_FAILURE): Screenshot is taken

2022-06-16 09:50:44 - [MESSAGE][INFO] - 0 hidden object(s)

2022-06-16 09:50:45 - [MESSAGE][PASSED] - Screenshot is taken
[[ATTACHMENT|C:\Users\Nia Yusniati\Git_Asa\katalon-fina\Screenshots\mobile\cakpro\keyes\keyes-skenario-11.6-proses submit berhasil.png]]

2022-06-16 09:50:45 - [TEST_STEP][PASSED] - tap(findTestObject("DMS_FINA_Mobile/FINA_Renewal_Asuransi/FINA_RenewalAsr_Submit_Kembali_Button"), 0): Tapped on element 'Object Repository/DMS_FINA_Mobile/FINA_Renewal_Asuransi/FINA_RenewalAsr_Submit_Kembali_Button'

2022-06-16 09:50:45 - [MESSAGE][WARNING] - Timeout '0' is invalid. Using default page load timeout: '30'

2022-06-16 09:50:45 - [MESSAGE][PASSED] - Tapped on element 'Object Repository/DMS_FINA_Mobile/FINA_Renewal_Asuransi/FINA_RenewalAsr_Submit_Kembali_Button'

2022-06-16 09:50:45 - [TEST_STEP][PASSED] - pressBack(): Press back button successfully

2022-06-16 09:50:47 - [MESSAGE][PASSED] - Press back button successfully

2022-06-16 09:50:47 - [TEST_STEP][PASSED] - pressBack(): Press back button successfully

2022-06-16 09:50:49 - [MESSAGE][PASSED] - Press back button successfully

2022-06-16 09:50:49 - [TEST_STEP][PASSED] - Account = findElement(findTestObject("Object Repository/DMS_FINA_Mobile/FINA_BottomNav_Account_Button"), 10): null

2022-06-16 09:50:50 - [TEST_STEP][PASSED] - Account.click(): null

2022-06-16 09:50:50 - [TEST_STEP][PASSED] - delay(5): Delayed 5 second(s)

2022-06-16 09:50:55 - [MESSAGE][PASSED] - Delayed 5 second(s)]]></system-out>
         <system-err><![CDATA[]]></system-err>
      </testcase>
      <system-out><![CDATA[2022-06-16 09:48:12 - [TEST_SUITE][PASSED] - 1. Login - submit: Test Cases/DMS_Renewal dan Upgrade Asuransi Aswata/Matriks 9.11/11.2. Renewal Asuransi]]></system-out>
      <system-err><![CDATA[]]></system-err>
   </testsuite>
</testsuites>
