<?xml version="1.0" encoding="UTF-8"?>
<testsuites name="1. Login - submit" time="181.798" tests="2" failures="0" errors="0">
   <testsuite name="1. Login - submit" tests="2" failures="0" errors="0" time="181.798" skipped="0" timestamp="2022-06-16 09:38:29" hostname="Nia Yusniati - Apandi" id="Test Suites/Upgrade - renewal FINA - Aswata/8/1. Login - submit">
      <properties>
         <property name="deviceName" value="samsung SM-M315F (Android 11)"/>
         <property name="devicePlatform" value=""/>
         <property name="logFolder" value="C:\\Users\\Nia Yusniati\\Git_Asa\\katalon-fina\\Reports\\20220616_093650\\Upgrade - renewal FINA - Aswata\\8\\1. Login - submit\\20220616_093650"/>
         <property name="logFiles" value="C:\\Users\\Nia Yusniati\\Git_Asa\\katalon-fina\\Reports\\20220616_093650\\Upgrade - renewal FINA - Aswata\\8\\1. Login - submit\\20220616_093650\\appium.log, C:\\Users\\Nia Yusniati\\Git_Asa\\katalon-fina\\Reports\\20220616_093650\\Upgrade - renewal FINA - Aswata\\8\\1. Login - submit\\20220616_093650\\execution0.log"/>
         <property name="attachments" value="C:\Users\Nia Yusniati\Git_Asa\katalon-fina\Screenshots\mobile\cakpro\keyes\keyes-skenario-8.1-input username dan password.png, C:\Users\Nia Yusniati\Git_Asa\katalon-fina\Screenshots\mobile\cakpro\keyes\keyes-skenario-8.2-berhasil login.png, C:\Users\Nia Yusniati\Git_Asa\katalon-fina\Screenshots\mobile\cakpro\keyes\keyes-skenario-8.3-list kendaraan.png, C:\Users\Nia Yusniati\Git_Asa\katalon-fina\Screenshots\mobile\cakpro\keyes\keyes-skenario-8.4-pilih tenor.png, C:\Users\Nia Yusniati\Git_Asa\katalon-fina\Screenshots\mobile\cakpro\keyes\keyes-skenario-8.5-pilih jenis upgrade.png, C:\Users\Nia Yusniati\Git_Asa\katalon-fina\Screenshots\mobile\cakpro\keyes\keyes-skenario-8.6-konfirmasi upgrade.png, C:\Users\Nia Yusniati\Git_Asa\katalon-fina\Screenshots\mobile\cakpro\keyes\keyes-skenario-8.7-proses submit berhasil.png"/>
         <property name="hostName" value="Nia Yusniati - Apandi"/>
         <property name="os" value="Windows 10 64bit"/>
         <property name="appiumServerStatus" value="{&quot;value&quot;:{&quot;build&quot;:{&quot;version&quot;:&quot;1.22.2&quot;}},&quot;sessionId&quot;:null,&quot;status&quot;:0}"/>
         <property name="katalonVersion" value="8.1.0.208"/>
         <property name="deviceOS" value="Android"/>
         <property name="appiumVersion" value="1.22.2"/>
         <property name="deviceModel" value="SM-M315F"/>
         <property name="hostAddress" value="192.168.20.156"/>
         <property name="deviceManufacturer" value="samsung"/>
         <property name="deviceId" value="RR8N605F11Y"/>
         <property name="deviceName" value="samsung SM-M315F (Android 11)"/>
         <property name="deviceOSVersion" value="11"/>
      </properties>
      <testcase name="Test Cases/DMS_Renewal dan Upgrade Asuransi Aswata/Matriks 8/8.1. Login - konsumen" time="54.206" classname="Test Cases/DMS_Renewal dan Upgrade Asuransi Aswata/Matriks 8/8.1. Login - konsumen" status="PASSED">
         <system-out><![CDATA[2022-06-16 09:38:30 - [TEST_CASE][PASSED] - Test Cases/DMS_Renewal dan Upgrade Asuransi Aswata/Matriks 8/8.1. Login - konsumen: Test Cases/DMS_Renewal dan Upgrade Asuransi Aswata/Matriks 8/8.1. Login - konsumen

2022-06-16 09:38:31 - [TEST_STEP][PASSED] - baseDir = System.getProperty("user.dir"): null

2022-06-16 09:38:31 - [TEST_STEP][PASSED] - startExistingApplication("com.vq.mbrochuregp.client.android", STOP_ON_FAILURE): Starting app with application ID: 'com.vq.mbrochuregp.client.android'

2022-06-16 09:38:35 - [MESSAGE][INFO] - Appium server started on port 54,265

2022-06-16 09:38:49 - [MESSAGE][PASSED] - Starting app with application ID: 'com.vq.mbrochuregp.client.android'

2022-06-16 09:38:49 - [TEST_STEP][PASSED] - delay(8): Delayed 8 second(s)

2022-06-16 09:38:57 - [MESSAGE][PASSED] - Delayed 8 second(s)

2022-06-16 09:38:57 - [TEST_STEP][PASSED] - element = findElement(findTestObject("DMS_FINA_Mobile/FINA_BottomNav_Account_Button"), 10): null

2022-06-16 09:39:01 - [TEST_STEP][PASSED] - element.click(): null

2022-06-16 09:39:01 - [TEST_STEP][PASSED] - setText(findTestObject("DMS_FINA_Mobile/FINA_Login/Login_Text"), findTestData("DMS_Asr_Cakpro").getObjectValue("Login", 33), 0): Text 'zemi@mailinator.com' has been set to element 'Object Repository/DMS_FINA_Mobile/FINA_Login/Login_Text'

2022-06-16 09:39:02 - [MESSAGE][WARNING] - Timeout '0' is invalid. Using default page load timeout: '30'

2022-06-16 09:39:03 - [MESSAGE][PASSED] - Text 'zemi@mailinator.com' has been set to element 'Object Repository/DMS_FINA_Mobile/FINA_Login/Login_Text'

2022-06-16 09:39:03 - [TEST_STEP][PASSED] - setText(findTestObject("DMS_FINA_Mobile/FINA_Login/Login_Password_Text"), findTestData("DMS_Asr_Cakpro").getObjectValue("Pass", 33), 0): Text '123abc' has been set to element 'Object Repository/DMS_FINA_Mobile/FINA_Login/Login_Password_Text'

2022-06-16 09:39:04 - [MESSAGE][WARNING] - Timeout '0' is invalid. Using default page load timeout: '30'

2022-06-16 09:39:05 - [MESSAGE][PASSED] - Text '123abc' has been set to element 'Object Repository/DMS_FINA_Mobile/FINA_Login/Login_Password_Text'

2022-06-16 09:39:05 - [TEST_STEP][PASSED] - takeScreenshotAsCheckpoint(baseDir + sspathasuransicakpro + "skenario-8.1-input username dan password" + ".png", STOP_ON_FAILURE): Screenshot is taken

2022-06-16 09:39:08 - [MESSAGE][INFO] - 0 hidden object(s)

2022-06-16 09:39:08 - [MESSAGE][PASSED] - Screenshot is taken
[[ATTACHMENT|C:\Users\Nia Yusniati\Git_Asa\katalon-fina\Screenshots\mobile\cakpro\keyes\keyes-skenario-8.1-input username dan password.png]]

2022-06-16 09:39:08 - [TEST_STEP][PASSED] - tap(findTestObject("DMS_FINA_Mobile/FINA_Login/FINA_Login_Button"), 0): Tapped on element 'Object Repository/DMS_FINA_Mobile/FINA_Login/FINA_Login_Button'

2022-06-16 09:39:08 - [MESSAGE][WARNING] - Timeout '0' is invalid. Using default page load timeout: '30'

2022-06-16 09:39:09 - [MESSAGE][PASSED] - Tapped on element 'Object Repository/DMS_FINA_Mobile/FINA_Login/FINA_Login_Button'

2022-06-16 09:39:09 - [TEST_STEP][PASSED] - delay(0, STOP_ON_FAILURE): Delayed 0 second(s)

2022-06-16 09:39:09 - [MESSAGE][PASSED] - Delayed 0 second(s)

2022-06-16 09:39:09 - [TEST_STEP][PASSED] - scrollToText("Suku Bunga", STOP_ON_FAILURE): Scrolling to text 'Suku Bunga' successfully

2022-06-16 09:39:19 - [MESSAGE][PASSED] - Scrolling to text 'Suku Bunga' successfully

2022-06-16 09:39:19 - [TEST_STEP][PASSED] - elementAccount = findElement(findTestObject("DMS_FINA_Mobile/FINA_BottomNav_Account_Button"), 10): null

2022-06-16 09:39:19 - [TEST_STEP][PASSED] - elementAccount.click(): null

2022-06-16 09:39:19 - [TEST_STEP][PASSED] - delay(2): Delayed 2 second(s)

2022-06-16 09:39:21 - [MESSAGE][PASSED] - Delayed 2 second(s)

2022-06-16 09:39:21 - [TEST_STEP][PASSED] - takeScreenshotAsCheckpoint(baseDir + sspathasuransicakpro + "skenario-8.2-berhasil login" + ".png", STOP_ON_FAILURE): Screenshot is taken

2022-06-16 09:39:23 - [MESSAGE][INFO] - 0 hidden object(s)

2022-06-16 09:39:24 - [MESSAGE][PASSED] - Screenshot is taken
[[ATTACHMENT|C:\Users\Nia Yusniati\Git_Asa\katalon-fina\Screenshots\mobile\cakpro\keyes\keyes-skenario-8.2-berhasil login.png]]

2022-06-16 09:39:24 - [TEST_STEP][PASSED] - elementHome = findElement(findTestObject("DMS_FINA_Mobile/FINA_BottomNav_Home_Button"), 10): null

2022-06-16 09:39:24 - [TEST_STEP][PASSED] - elementHome.click(): null]]></system-out>
         <system-err><![CDATA[]]></system-err>
      </testcase>
      <testcase name="Test Cases/DMS_Renewal dan Upgrade Asuransi Aswata/Matriks 8/8.2. Upgrade Asuransi" time="125.647" classname="Test Cases/DMS_Renewal dan Upgrade Asuransi Aswata/Matriks 8/8.2. Upgrade Asuransi" status="PASSED">
         <system-out><![CDATA[2022-06-16 09:39:24 - [TEST_CASE][PASSED] - Test Cases/DMS_Renewal dan Upgrade Asuransi Aswata/Matriks 8/8.2. Upgrade Asuransi: Test Cases/DMS_Renewal dan Upgrade Asuransi Aswata/Matriks 8/8.2. Upgrade Asuransi

2022-06-16 09:39:25 - [TEST_STEP][PASSED] - baseDir = System.getProperty("user.dir"): null

2022-06-16 09:39:25 - [TEST_STEP][PASSED] - startExistingApplication("com.vq.mbrochuregp.client.android", STOP_ON_FAILURE): Starting app with application ID: 'com.vq.mbrochuregp.client.android'

2022-06-16 09:39:36 - [MESSAGE][PASSED] - Starting app with application ID: 'com.vq.mbrochuregp.client.android'

2022-06-16 09:39:36 - [TEST_STEP][PASSED] - delay(8): Delayed 8 second(s)

2022-06-16 09:39:44 - [MESSAGE][PASSED] - Delayed 8 second(s)

2022-06-16 09:39:44 - [TEST_STEP][PASSED] - pressBack(): Press back button successfully

2022-06-16 09:39:44 - [MESSAGE][PASSED] - Press back button successfully

2022-06-16 09:39:44 - [TEST_STEP][PASSED] - tap(findTestObject("DMS_FINA_Mobile/FINA_Login/android.widget.Button - TIDAK"), 0): Tapped on element 'Object Repository/DMS_FINA_Mobile/FINA_Login/android.widget.Button - TIDAK'

2022-06-16 09:39:45 - [MESSAGE][WARNING] - Timeout '0' is invalid. Using default page load timeout: '30'

2022-06-16 09:39:48 - [MESSAGE][PASSED] - Tapped on element 'Object Repository/DMS_FINA_Mobile/FINA_Login/android.widget.Button - TIDAK'

2022-06-16 09:39:48 - [TEST_STEP][PASSED] - tap(findTestObject("DMS_FINA_Mobile/FINA_Mobile_Main Menu/FINA_Menu_More_Button"), 0): Tapped on element 'Object Repository/DMS_FINA_Mobile/FINA_Mobile_Main Menu/FINA_Menu_More_Button'

2022-06-16 09:39:48 - [MESSAGE][WARNING] - Timeout '0' is invalid. Using default page load timeout: '30'

2022-06-16 09:39:49 - [MESSAGE][PASSED] - Tapped on element 'Object Repository/DMS_FINA_Mobile/FINA_Mobile_Main Menu/FINA_Menu_More_Button'

2022-06-16 09:39:49 - [TEST_STEP][PASSED] - tap(findTestObject("DMS_FINA_Mobile/FINA_Menu_More Menu/Features/FINA_More_UpgradeAsr_Button"), 0): Tapped on element 'Object Repository/DMS_FINA_Mobile/FINA_Menu_More Menu/Features/FINA_More_UpgradeAsr_Button'

2022-06-16 09:39:49 - [MESSAGE][WARNING] - Timeout '0' is invalid. Using default page load timeout: '30'

2022-06-16 09:39:50 - [MESSAGE][PASSED] - Tapped on element 'Object Repository/DMS_FINA_Mobile/FINA_Menu_More Menu/Features/FINA_More_UpgradeAsr_Button'

2022-06-16 09:39:50 - [TEST_STEP][PASSED] - delay(30): Delayed 30 second(s)

2022-06-16 09:40:20 - [MESSAGE][PASSED] - Delayed 30 second(s)

2022-06-16 09:40:20 - [TEST_STEP][PASSED] - tap(findTestObject("APN_Fina New Versi/List Data/Upgrade 1-1"), 0): Tapped on element 'Object Repository/APN_Fina New Versi/List Data/Upgrade 1-1'

2022-06-16 09:40:20 - [MESSAGE][WARNING] - Timeout '0' is invalid. Using default page load timeout: '30'

2022-06-16 09:40:21 - [MESSAGE][PASSED] - Tapped on element 'Object Repository/APN_Fina New Versi/List Data/Upgrade 1-1'

2022-06-16 09:40:21 - [TEST_STEP][PASSED] - takeScreenshotAsCheckpoint(baseDir + sspathasuransicakpro + "skenario-8.3-list kendaraan" + ".png", STOP_ON_FAILURE): Screenshot is taken

2022-06-16 09:40:23 - [MESSAGE][INFO] - 0 hidden object(s)

2022-06-16 09:40:23 - [MESSAGE][PASSED] - Screenshot is taken
[[ATTACHMENT|C:\Users\Nia Yusniati\Git_Asa\katalon-fina\Screenshots\mobile\cakpro\keyes\keyes-skenario-8.3-list kendaraan.png]]

2022-06-16 09:40:23 - [TEST_STEP][PASSED] - tap(findTestObject("DMS_FINA_Mobile/FINA_Upgrade_Asuransi/FINA_UpgradeAsr_Detail_Tenor4_Checkbox"), 0): Tapped on element 'Object Repository/DMS_FINA_Mobile/FINA_Upgrade_Asuransi/FINA_UpgradeAsr_Detail_Tenor4_Checkbox'

2022-06-16 09:40:23 - [MESSAGE][WARNING] - Timeout '0' is invalid. Using default page load timeout: '30'

2022-06-16 09:40:25 - [MESSAGE][PASSED] - Tapped on element 'Object Repository/DMS_FINA_Mobile/FINA_Upgrade_Asuransi/FINA_UpgradeAsr_Detail_Tenor4_Checkbox'

2022-06-16 09:40:25 - [TEST_STEP][PASSED] - delay(10): Delayed 10 second(s)

2022-06-16 09:40:35 - [MESSAGE][PASSED] - Delayed 10 second(s)

2022-06-16 09:40:35 - [TEST_STEP][PASSED] - takeScreenshotAsCheckpoint(baseDir + sspathasuransicakpro + "skenario-8.4-pilih tenor" + ".png", STOP_ON_FAILURE): Screenshot is taken

2022-06-16 09:40:36 - [MESSAGE][INFO] - 0 hidden object(s)

2022-06-16 09:40:37 - [MESSAGE][PASSED] - Screenshot is taken
[[ATTACHMENT|C:\Users\Nia Yusniati\Git_Asa\katalon-fina\Screenshots\mobile\cakpro\keyes\keyes-skenario-8.4-pilih tenor.png]]

2022-06-16 09:40:37 - [TEST_STEP][PASSED] - Lanjutkan1 = findElement(findTestObject("Object Repository/DMS_FINA_Mobile/FINA_Upgrade_Asuransi/FINA_UpgradeAsr_Detail_Lanjutkan_Button"), 10): null

2022-06-16 09:40:37 - [TEST_STEP][PASSED] - Lanjutkan1.click(): null

2022-06-16 09:40:37 - [TEST_STEP][PASSED] - delay(20): Delayed 20 second(s)

2022-06-16 09:40:57 - [MESSAGE][PASSED] - Delayed 20 second(s)

2022-06-16 09:40:57 - [TEST_STEP][PASSED] - takeScreenshotAsCheckpoint(baseDir + sspathasuransicakpro + "skenario-8.5-pilih jenis upgrade" + ".png", STOP_ON_FAILURE): Screenshot is taken

2022-06-16 09:40:59 - [MESSAGE][INFO] - 0 hidden object(s)

2022-06-16 09:40:59 - [MESSAGE][PASSED] - Screenshot is taken
[[ATTACHMENT|C:\Users\Nia Yusniati\Git_Asa\katalon-fina\Screenshots\mobile\cakpro\keyes\keyes-skenario-8.5-pilih jenis upgrade.png]]

2022-06-16 09:40:59 - [TEST_STEP][PASSED] - Lanjutkan2 = findElement(findTestObject("Object Repository/DMS_FINA_Mobile/FINA_Upgrade_Asuransi/FINA_UpgradeAsr_Detail_PilihAsuransidanPerluasan_Lanjutkan_Button"), 10): null

2022-06-16 09:41:01 - [TEST_STEP][PASSED] - Lanjutkan2.click(): null

2022-06-16 09:41:01 - [TEST_STEP][PASSED] - delay(10): Delayed 10 second(s)

2022-06-16 09:41:11 - [MESSAGE][PASSED] - Delayed 10 second(s)

2022-06-16 09:41:11 - [TEST_STEP][PASSED] - setText(findTestObject("DMS_FINA_Mobile/FINA_Upgrade_Asuransi/android.widget.EditText - Nomor Telepon  HP"), findTestData("DMS_Asr_Cakpro").getObjectValue("No tlp", 33), 0): Text '085710222991' has been set to element 'Object Repository/DMS_FINA_Mobile/FINA_Upgrade_Asuransi/android.widget.EditText - Nomor Telepon  HP'

2022-06-16 09:41:11 - [MESSAGE][WARNING] - Timeout '0' is invalid. Using default page load timeout: '30'

2022-06-16 09:41:12 - [MESSAGE][PASSED] - Text '085710222991' has been set to element 'Object Repository/DMS_FINA_Mobile/FINA_Upgrade_Asuransi/android.widget.EditText - Nomor Telepon  HP'

2022-06-16 09:41:12 - [TEST_STEP][PASSED] - takeScreenshotAsCheckpoint(baseDir + sspathasuransicakpro + "skenario-8.6-konfirmasi upgrade" + ".png", STOP_ON_FAILURE): Screenshot is taken

2022-06-16 09:41:13 - [MESSAGE][INFO] - 0 hidden object(s)

2022-06-16 09:41:14 - [MESSAGE][PASSED] - Screenshot is taken
[[ATTACHMENT|C:\Users\Nia Yusniati\Git_Asa\katalon-fina\Screenshots\mobile\cakpro\keyes\keyes-skenario-8.6-konfirmasi upgrade.png]]

2022-06-16 09:41:14 - [TEST_STEP][PASSED] - Submit = findElement(findTestObject("DMS_FINA_Mobile/FINA_Upgrade_Asuransi/FINA_UpgradeAsr_Konfirmasi_Submit_Button"), 10): null

2022-06-16 09:41:14 - [TEST_STEP][PASSED] - Submit.click(): null

2022-06-16 09:41:14 - [TEST_STEP][PASSED] - tap(findTestObject("DMS_FINA_Mobile/FINA_Upgrade_Asuransi/FINA_UpgradeAsr_Detail_Konfirmasi_Ya_Button"), 0): Tapped on element 'Object Repository/DMS_FINA_Mobile/FINA_Upgrade_Asuransi/FINA_UpgradeAsr_Detail_Konfirmasi_Ya_Button'

2022-06-16 09:41:15 - [MESSAGE][WARNING] - Timeout '0' is invalid. Using default page load timeout: '30'

2022-06-16 09:41:16 - [MESSAGE][PASSED] - Tapped on element 'Object Repository/DMS_FINA_Mobile/FINA_Upgrade_Asuransi/FINA_UpgradeAsr_Detail_Konfirmasi_Ya_Button'

2022-06-16 09:41:16 - [TEST_STEP][PASSED] - tap(findTestObject("DMS_FINA_Mobile/FINA_Upgrade_Asuransi/FINA_UpgradeAsr_Submit_Kembali_Button"), 0): Tapped on element 'Object Repository/DMS_FINA_Mobile/FINA_Upgrade_Asuransi/FINA_UpgradeAsr_Submit_Kembali_Button'

2022-06-16 09:41:16 - [MESSAGE][WARNING] - Timeout '0' is invalid. Using default page load timeout: '30'

2022-06-16 09:41:17 - [MESSAGE][PASSED] - Tapped on element 'Object Repository/DMS_FINA_Mobile/FINA_Upgrade_Asuransi/FINA_UpgradeAsr_Submit_Kembali_Button'

2022-06-16 09:41:17 - [TEST_STEP][PASSED] - delay(2): Delayed 2 second(s)

2022-06-16 09:41:19 - [MESSAGE][PASSED] - Delayed 2 second(s)

2022-06-16 09:41:19 - [TEST_STEP][PASSED] - takeScreenshotAsCheckpoint(baseDir + sspathasuransicakpro + "skenario-8.7-proses submit berhasil" + ".png", STOP_ON_FAILURE): Screenshot is taken

2022-06-16 09:41:20 - [MESSAGE][INFO] - 0 hidden object(s)

2022-06-16 09:41:21 - [MESSAGE][PASSED] - Screenshot is taken
[[ATTACHMENT|C:\Users\Nia Yusniati\Git_Asa\katalon-fina\Screenshots\mobile\cakpro\keyes\keyes-skenario-8.7-proses submit berhasil.png]]

2022-06-16 09:41:21 - [TEST_STEP][PASSED] - pressBack(): Press back button successfully

2022-06-16 09:41:21 - [MESSAGE][PASSED] - Press back button successfully

2022-06-16 09:41:21 - [TEST_STEP][PASSED] - pressBack(): Press back button successfully

2022-06-16 09:41:23 - [MESSAGE][PASSED] - Press back button successfully

2022-06-16 09:41:23 - [TEST_STEP][PASSED] - Account = findElement(findTestObject("Object Repository/DMS_FINA_Mobile/FINA_BottomNav_Account_Button"), 10): null

2022-06-16 09:41:25 - [TEST_STEP][PASSED] - Account.click(): null

2022-06-16 09:41:25 - [TEST_STEP][PASSED] - delay(5): Delayed 5 second(s)

2022-06-16 09:41:30 - [MESSAGE][PASSED] - Delayed 5 second(s)]]></system-out>
         <system-err><![CDATA[]]></system-err>
      </testcase>
      <system-out><![CDATA[2022-06-16 09:38:29 - [TEST_SUITE][PASSED] - 1. Login - submit: Test Cases/DMS_Renewal dan Upgrade Asuransi Aswata/Matriks 8/8.2. Upgrade Asuransi]]></system-out>
      <system-err><![CDATA[]]></system-err>
   </testsuite>
</testsuites>
