<?xml version="1.0" encoding="UTF-8"?>
<testsuites name="1. Login - submit" time="194.185" tests="2" failures="0" errors="0">
   <testsuite name="1. Login - submit" tests="2" failures="0" errors="0" time="194.185" skipped="0" timestamp="2022-06-16 09:26:47" hostname="Nia Yusniati - Apandi.mshome.net" id="Test Suites/Upgrade - renewal FINA - Aswata/6/1. Login - submit">
      <properties>
         <property name="deviceName" value="samsung SM-M315F (Android 11)"/>
         <property name="devicePlatform" value=""/>
         <property name="logFolder" value="C:\\Users\\Nia Yusniati\\Git_Asa\\katalon-fina\\Reports\\20220616_092632\\Upgrade - renewal FINA - Aswata\\6\\1. Login - submit\\20220616_092632"/>
         <property name="logFiles" value="C:\\Users\\Nia Yusniati\\Git_Asa\\katalon-fina\\Reports\\20220616_092632\\Upgrade - renewal FINA - Aswata\\6\\1. Login - submit\\20220616_092632\\appium.log, C:\\Users\\Nia Yusniati\\Git_Asa\\katalon-fina\\Reports\\20220616_092632\\Upgrade - renewal FINA - Aswata\\6\\1. Login - submit\\20220616_092632\\execution0.log"/>
         <property name="attachments" value="C:\Users\Nia Yusniati\Git_Asa\katalon-fina\Screenshots\mobile\cakpro\keyes\keyes-skenario-6.1-input username dan password.png, C:\Users\Nia Yusniati\Git_Asa\katalon-fina\Screenshots\mobile\cakpro\keyes\keyes-skenario-6.2-berhasil login.png, C:\Users\Nia Yusniati\Git_Asa\katalon-fina\Screenshots\mobile\cakpro\keyes\keyes-skenario-6.3-list kendaraan.png, C:\Users\Nia Yusniati\Git_Asa\katalon-fina\Screenshots\mobile\cakpro\keyes\keyes-skenario-6.4-pilih tenor.png, C:\Users\Nia Yusniati\Git_Asa\katalon-fina\Screenshots\mobile\cakpro\keyes\keyes-skenario-6.5-pilih jenis upgrade.png, C:\Users\Nia Yusniati\Git_Asa\katalon-fina\Screenshots\mobile\cakpro\keyes\keyes-skenario-6.6-konfirmasi upgrade.png, C:\Users\Nia Yusniati\Git_Asa\katalon-fina\Screenshots\mobile\cakpro\keyes\keyes-skenario-6.7-proses submit berhasil.png"/>
         <property name="hostName" value="Nia Yusniati - Apandi.mshome.net"/>
         <property name="os" value="Windows 10 64bit"/>
         <property name="appiumServerStatus" value="{&quot;value&quot;:{&quot;build&quot;:{&quot;version&quot;:&quot;1.22.2&quot;}},&quot;sessionId&quot;:null,&quot;status&quot;:0}"/>
         <property name="katalonVersion" value="8.1.0.208"/>
         <property name="deviceOS" value="Android"/>
         <property name="appiumVersion" value="1.22.2"/>
         <property name="deviceModel" value="SM-M315F"/>
         <property name="hostAddress" value="192.168.137.70"/>
         <property name="deviceManufacturer" value="samsung"/>
         <property name="deviceId" value="RR8N605F11Y"/>
         <property name="deviceName" value="samsung SM-M315F (Android 11)"/>
         <property name="deviceOSVersion" value="11"/>
      </properties>
      <testcase name="Test Cases/DMS_Renewal dan Upgrade Asuransi Aswata/Matriks 6/6.1. Login - konsumen" time="56.453" classname="Test Cases/DMS_Renewal dan Upgrade Asuransi Aswata/Matriks 6/6.1. Login - konsumen" status="PASSED">
         <system-out><![CDATA[2022-06-16 09:26:48 - [TEST_CASE][PASSED] - Test Cases/DMS_Renewal dan Upgrade Asuransi Aswata/Matriks 6/6.1. Login - konsumen: Test Cases/DMS_Renewal dan Upgrade Asuransi Aswata/Matriks 6/6.1. Login - konsumen

2022-06-16 09:26:49 - [TEST_STEP][PASSED] - baseDir = System.getProperty("user.dir"): null

2022-06-16 09:26:49 - [TEST_STEP][PASSED] - startExistingApplication("com.vq.mbrochuregp.client.android", STOP_ON_FAILURE): Starting app with application ID: 'com.vq.mbrochuregp.client.android'

2022-06-16 09:26:53 - [MESSAGE][INFO] - Appium server started on port 60,726

2022-06-16 09:27:06 - [MESSAGE][PASSED] - Starting app with application ID: 'com.vq.mbrochuregp.client.android'

2022-06-16 09:27:06 - [TEST_STEP][PASSED] - delay(8): Delayed 8 second(s)

2022-06-16 09:27:15 - [MESSAGE][PASSED] - Delayed 8 second(s)

2022-06-16 09:27:15 - [TEST_STEP][PASSED] - element = findElement(findTestObject("DMS_FINA_Mobile/FINA_BottomNav_Account_Button"), 10): null

2022-06-16 09:27:17 - [TEST_STEP][PASSED] - element.click(): null

2022-06-16 09:27:17 - [TEST_STEP][PASSED] - setText(findTestObject("DMS_FINA_Mobile/FINA_Login/Login_Text"), findTestData("DMS_Asr_Cakpro").getObjectValue("Login", 24), 0): Text 'muhaimin@mailinator.com' has been set to element 'Object Repository/DMS_FINA_Mobile/FINA_Login/Login_Text'

2022-06-16 09:27:18 - [MESSAGE][WARNING] - Timeout '0' is invalid. Using default page load timeout: '30'

2022-06-16 09:27:20 - [MESSAGE][PASSED] - Text 'muhaimin@mailinator.com' has been set to element 'Object Repository/DMS_FINA_Mobile/FINA_Login/Login_Text'

2022-06-16 09:27:20 - [TEST_STEP][PASSED] - setText(findTestObject("DMS_FINA_Mobile/FINA_Login/Login_Password_Text"), findTestData("DMS_Asr_Cakpro").getObjectValue("Pass", 24), 0): Text '123abc' has been set to element 'Object Repository/DMS_FINA_Mobile/FINA_Login/Login_Password_Text'

2022-06-16 09:27:20 - [MESSAGE][WARNING] - Timeout '0' is invalid. Using default page load timeout: '30'

2022-06-16 09:27:22 - [MESSAGE][PASSED] - Text '123abc' has been set to element 'Object Repository/DMS_FINA_Mobile/FINA_Login/Login_Password_Text'

2022-06-16 09:27:22 - [TEST_STEP][PASSED] - takeScreenshotAsCheckpoint(baseDir + sspathasuransicakpro + "skenario-6.1-input username dan password" + ".png", STOP_ON_FAILURE): Screenshot is taken

2022-06-16 09:27:25 - [MESSAGE][INFO] - 0 hidden object(s)

2022-06-16 09:27:25 - [MESSAGE][PASSED] - Screenshot is taken
[[ATTACHMENT|C:\Users\Nia Yusniati\Git_Asa\katalon-fina\Screenshots\mobile\cakpro\keyes\keyes-skenario-6.1-input username dan password.png]]

2022-06-16 09:27:25 - [TEST_STEP][PASSED] - tap(findTestObject("DMS_FINA_Mobile/FINA_Login/FINA_Login_Button"), 0): Tapped on element 'Object Repository/DMS_FINA_Mobile/FINA_Login/FINA_Login_Button'

2022-06-16 09:27:26 - [MESSAGE][WARNING] - Timeout '0' is invalid. Using default page load timeout: '30'

2022-06-16 09:27:26 - [MESSAGE][PASSED] - Tapped on element 'Object Repository/DMS_FINA_Mobile/FINA_Login/FINA_Login_Button'

2022-06-16 09:27:26 - [TEST_STEP][PASSED] - delay(2, STOP_ON_FAILURE): Delayed 2 second(s)

2022-06-16 09:27:28 - [MESSAGE][PASSED] - Delayed 2 second(s)

2022-06-16 09:27:28 - [TEST_STEP][PASSED] - elementAccount = findElement(findTestObject("DMS_FINA_Mobile/FINA_BottomNav_Account_Button"), 10): null

2022-06-16 09:27:39 - [TEST_STEP][PASSED] - elementAccount.click(): null

2022-06-16 09:27:39 - [TEST_STEP][PASSED] - delay(2): Delayed 2 second(s)

2022-06-16 09:27:41 - [MESSAGE][PASSED] - Delayed 2 second(s)

2022-06-16 09:27:41 - [TEST_STEP][PASSED] - takeScreenshotAsCheckpoint(baseDir + sspathasuransicakpro + "skenario-6.2-berhasil login" + ".png", STOP_ON_FAILURE): Screenshot is taken

2022-06-16 09:27:43 - [MESSAGE][INFO] - 0 hidden object(s)

2022-06-16 09:27:43 - [MESSAGE][PASSED] - Screenshot is taken
[[ATTACHMENT|C:\Users\Nia Yusniati\Git_Asa\katalon-fina\Screenshots\mobile\cakpro\keyes\keyes-skenario-6.2-berhasil login.png]]

2022-06-16 09:27:43 - [TEST_STEP][PASSED] - elementHome = findElement(findTestObject("DMS_FINA_Mobile/FINA_BottomNav_Home_Button"), 10): null

2022-06-16 09:27:44 - [TEST_STEP][PASSED] - elementHome.click(): null]]></system-out>
         <system-err><![CDATA[]]></system-err>
      </testcase>
      <testcase name="Test Cases/DMS_Renewal dan Upgrade Asuransi Aswata/Matriks 6/6.2. Upgrade Asuransi" time="135.64" classname="Test Cases/DMS_Renewal dan Upgrade Asuransi Aswata/Matriks 6/6.2. Upgrade Asuransi" status="PASSED">
         <system-out><![CDATA[2022-06-16 09:27:44 - [TEST_CASE][PASSED] - Test Cases/DMS_Renewal dan Upgrade Asuransi Aswata/Matriks 6/6.2. Upgrade Asuransi: Test Cases/DMS_Renewal dan Upgrade Asuransi Aswata/Matriks 6/6.2. Upgrade Asuransi

2022-06-16 09:27:45 - [TEST_STEP][PASSED] - baseDir = System.getProperty("user.dir"): null

2022-06-16 09:27:45 - [TEST_STEP][PASSED] - startExistingApplication("com.vq.mbrochuregp.client.android", STOP_ON_FAILURE): Starting app with application ID: 'com.vq.mbrochuregp.client.android'

2022-06-16 09:27:56 - [MESSAGE][PASSED] - Starting app with application ID: 'com.vq.mbrochuregp.client.android'

2022-06-16 09:27:56 - [TEST_STEP][PASSED] - delay(8): Delayed 8 second(s)

2022-06-16 09:28:04 - [MESSAGE][PASSED] - Delayed 8 second(s)

2022-06-16 09:28:04 - [TEST_STEP][PASSED] - pressBack(): Press back button successfully

2022-06-16 09:28:04 - [MESSAGE][PASSED] - Press back button successfully

2022-06-16 09:28:04 - [TEST_STEP][PASSED] - tap(findTestObject("DMS_FINA_Mobile/FINA_Login/android.widget.Button - TIDAK"), 0): Tapped on element 'Object Repository/DMS_FINA_Mobile/FINA_Login/android.widget.Button - TIDAK'

2022-06-16 09:28:04 - [MESSAGE][WARNING] - Timeout '0' is invalid. Using default page load timeout: '30'

2022-06-16 09:28:07 - [MESSAGE][PASSED] - Tapped on element 'Object Repository/DMS_FINA_Mobile/FINA_Login/android.widget.Button - TIDAK'

2022-06-16 09:28:07 - [TEST_STEP][PASSED] - tap(findTestObject("DMS_FINA_Mobile/FINA_Mobile_Main Menu/FINA_Menu_More_Button"), 0): Tapped on element 'Object Repository/DMS_FINA_Mobile/FINA_Mobile_Main Menu/FINA_Menu_More_Button'

2022-06-16 09:28:07 - [MESSAGE][WARNING] - Timeout '0' is invalid. Using default page load timeout: '30'

2022-06-16 09:28:09 - [MESSAGE][PASSED] - Tapped on element 'Object Repository/DMS_FINA_Mobile/FINA_Mobile_Main Menu/FINA_Menu_More_Button'

2022-06-16 09:28:09 - [TEST_STEP][PASSED] - tap(findTestObject("DMS_FINA_Mobile/FINA_Menu_More Menu/Features/FINA_More_UpgradeAsr_Button"), 0): Tapped on element 'Object Repository/DMS_FINA_Mobile/FINA_Menu_More Menu/Features/FINA_More_UpgradeAsr_Button'

2022-06-16 09:28:09 - [MESSAGE][WARNING] - Timeout '0' is invalid. Using default page load timeout: '30'

2022-06-16 09:28:11 - [MESSAGE][PASSED] - Tapped on element 'Object Repository/DMS_FINA_Mobile/FINA_Menu_More Menu/Features/FINA_More_UpgradeAsr_Button'

2022-06-16 09:28:11 - [TEST_STEP][PASSED] - delay(30): Delayed 30 second(s)

2022-06-16 09:28:41 - [MESSAGE][PASSED] - Delayed 30 second(s)

2022-06-16 09:28:41 - [TEST_STEP][PASSED] - tap(findTestObject("APN_Fina New Versi/List Data/Upgrade 1-1"), 0): Tapped on element 'Object Repository/APN_Fina New Versi/List Data/Upgrade 1-1'

2022-06-16 09:28:41 - [MESSAGE][WARNING] - Timeout '0' is invalid. Using default page load timeout: '30'

2022-06-16 09:28:42 - [MESSAGE][PASSED] - Tapped on element 'Object Repository/APN_Fina New Versi/List Data/Upgrade 1-1'

2022-06-16 09:28:42 - [TEST_STEP][PASSED] - delay(10): Delayed 10 second(s)

2022-06-16 09:28:52 - [MESSAGE][PASSED] - Delayed 10 second(s)

2022-06-16 09:28:52 - [TEST_STEP][PASSED] - takeScreenshotAsCheckpoint(baseDir + sspathasuransicakpro + "skenario-6.3-list kendaraan" + ".png", STOP_ON_FAILURE): Screenshot is taken

2022-06-16 09:28:54 - [MESSAGE][INFO] - 0 hidden object(s)

2022-06-16 09:28:54 - [MESSAGE][PASSED] - Screenshot is taken
[[ATTACHMENT|C:\Users\Nia Yusniati\Git_Asa\katalon-fina\Screenshots\mobile\cakpro\keyes\keyes-skenario-6.3-list kendaraan.png]]

2022-06-16 09:28:54 - [TEST_STEP][PASSED] - tap(findTestObject("DMS_FINA_Mobile/FINA_Upgrade_Asuransi/FINA_UpgradeAsr_Detail_Tenor2_Checkbox"), 0): Tapped on element 'Object Repository/DMS_FINA_Mobile/FINA_Upgrade_Asuransi/FINA_UpgradeAsr_Detail_Tenor2_Checkbox'

2022-06-16 09:28:54 - [MESSAGE][WARNING] - Timeout '0' is invalid. Using default page load timeout: '30'

2022-06-16 09:28:55 - [MESSAGE][PASSED] - Tapped on element 'Object Repository/DMS_FINA_Mobile/FINA_Upgrade_Asuransi/FINA_UpgradeAsr_Detail_Tenor2_Checkbox'

2022-06-16 09:28:55 - [TEST_STEP][PASSED] - delay(2): Delayed 2 second(s)

2022-06-16 09:28:57 - [MESSAGE][PASSED] - Delayed 2 second(s)

2022-06-16 09:28:57 - [TEST_STEP][PASSED] - takeScreenshotAsCheckpoint(baseDir + sspathasuransicakpro + "skenario-6.4-pilih tenor" + ".png", STOP_ON_FAILURE): Screenshot is taken

2022-06-16 09:28:58 - [MESSAGE][INFO] - 0 hidden object(s)

2022-06-16 09:28:59 - [MESSAGE][PASSED] - Screenshot is taken
[[ATTACHMENT|C:\Users\Nia Yusniati\Git_Asa\katalon-fina\Screenshots\mobile\cakpro\keyes\keyes-skenario-6.4-pilih tenor.png]]

2022-06-16 09:28:59 - [TEST_STEP][PASSED] - Lanjutkan1 = findElement(findTestObject("Object Repository/DMS_FINA_Mobile/FINA_Upgrade_Asuransi/FINA_UpgradeAsr_Detail_Lanjutkan_Button"), 10): null

2022-06-16 09:28:59 - [TEST_STEP][PASSED] - Lanjutkan1.click(): null

2022-06-16 09:28:59 - [TEST_STEP][NOT_RUN] - tap(findTestObject("DMS_FINA_Mobile/FINA_Upgrade_Asuransi/FINA_UpgradeAsr_Detail_Perluasan_TJH10_1_Checkbox"), 0): NOT_RUN: tap(findTestObject("DMS_FINA_Mobile/FINA_Upgrade_Asuransi/FINA_UpgradeAsr_Detail_Perluasan_TJH10_1_Checkbox"), 0)

2022-06-16 09:28:59 - [MESSAGE][NOT_RUN] - NOT_RUN: tap(findTestObject("DMS_FINA_Mobile/FINA_Upgrade_Asuransi/FINA_UpgradeAsr_Detail_Perluasan_TJH10_1_Checkbox"), 0)

2022-06-16 09:28:59 - [TEST_STEP][PASSED] - delay(20): Delayed 20 second(s)

2022-06-16 09:29:19 - [MESSAGE][PASSED] - Delayed 20 second(s)

2022-06-16 09:29:19 - [TEST_STEP][PASSED] - takeScreenshotAsCheckpoint(baseDir + sspathasuransicakpro + "skenario-6.5-pilih jenis upgrade" + ".png", STOP_ON_FAILURE): Screenshot is taken

2022-06-16 09:29:21 - [MESSAGE][INFO] - 0 hidden object(s)

2022-06-16 09:29:21 - [MESSAGE][PASSED] - Screenshot is taken
[[ATTACHMENT|C:\Users\Nia Yusniati\Git_Asa\katalon-fina\Screenshots\mobile\cakpro\keyes\keyes-skenario-6.5-pilih jenis upgrade.png]]

2022-06-16 09:29:21 - [TEST_STEP][PASSED] - Lanjutkan2 = findElement(findTestObject("Object Repository/DMS_FINA_Mobile/FINA_Upgrade_Asuransi/FINA_UpgradeAsr_Detail_PilihAsuransidanPerluasan_Lanjutkan_Button"), 10): null

2022-06-16 09:29:22 - [TEST_STEP][PASSED] - Lanjutkan2.click(): null

2022-06-16 09:29:22 - [TEST_STEP][PASSED] - delay(10): Delayed 10 second(s)

2022-06-16 09:29:32 - [MESSAGE][PASSED] - Delayed 10 second(s)

2022-06-16 09:29:32 - [TEST_STEP][PASSED] - takeScreenshotAsCheckpoint(baseDir + sspathasuransicakpro + "skenario-6.6-konfirmasi upgrade" + ".png", STOP_ON_FAILURE): Screenshot is taken

2022-06-16 09:29:34 - [MESSAGE][INFO] - 0 hidden object(s)

2022-06-16 09:29:34 - [MESSAGE][PASSED] - Screenshot is taken
[[ATTACHMENT|C:\Users\Nia Yusniati\Git_Asa\katalon-fina\Screenshots\mobile\cakpro\keyes\keyes-skenario-6.6-konfirmasi upgrade.png]]

2022-06-16 09:29:34 - [TEST_STEP][PASSED] - Submit = findElement(findTestObject("DMS_FINA_Mobile/FINA_Upgrade_Asuransi/FINA_UpgradeAsr_Konfirmasi_Submit_Button"), 10): null

2022-06-16 09:29:35 - [TEST_STEP][PASSED] - Submit.click(): null

2022-06-16 09:29:35 - [TEST_STEP][PASSED] - tap(findTestObject("DMS_FINA_Mobile/FINA_Upgrade_Asuransi/FINA_UpgradeAsr_Detail_Konfirmasi_Ya_Button"), 0): Tapped on element 'Object Repository/DMS_FINA_Mobile/FINA_Upgrade_Asuransi/FINA_UpgradeAsr_Detail_Konfirmasi_Ya_Button'

2022-06-16 09:29:35 - [MESSAGE][WARNING] - Timeout '0' is invalid. Using default page load timeout: '30'

2022-06-16 09:29:36 - [MESSAGE][PASSED] - Tapped on element 'Object Repository/DMS_FINA_Mobile/FINA_Upgrade_Asuransi/FINA_UpgradeAsr_Detail_Konfirmasi_Ya_Button'

2022-06-16 09:29:36 - [TEST_STEP][PASSED] - delay(10): Delayed 10 second(s)

2022-06-16 09:29:46 - [MESSAGE][PASSED] - Delayed 10 second(s)

2022-06-16 09:29:46 - [TEST_STEP][PASSED] - takeScreenshotAsCheckpoint(baseDir + sspathasuransicakpro + "skenario-6.7-proses submit berhasil" + ".png", STOP_ON_FAILURE): Screenshot is taken

2022-06-16 09:29:48 - [MESSAGE][INFO] - 0 hidden object(s)

2022-06-16 09:29:48 - [MESSAGE][PASSED] - Screenshot is taken
[[ATTACHMENT|C:\Users\Nia Yusniati\Git_Asa\katalon-fina\Screenshots\mobile\cakpro\keyes\keyes-skenario-6.7-proses submit berhasil.png]]

2022-06-16 09:29:48 - [TEST_STEP][PASSED] - tap(findTestObject("DMS_FINA_Mobile/FINA_Upgrade_Asuransi/FINA_UpgradeAsr_Submit_Kembali_Button"), 0): Tapped on element 'Object Repository/DMS_FINA_Mobile/FINA_Upgrade_Asuransi/FINA_UpgradeAsr_Submit_Kembali_Button'

2022-06-16 09:29:48 - [MESSAGE][WARNING] - Timeout '0' is invalid. Using default page load timeout: '30'

2022-06-16 09:29:49 - [MESSAGE][PASSED] - Tapped on element 'Object Repository/DMS_FINA_Mobile/FINA_Upgrade_Asuransi/FINA_UpgradeAsr_Submit_Kembali_Button'

2022-06-16 09:29:49 - [TEST_STEP][PASSED] - pressBack(): Press back button successfully

2022-06-16 09:29:51 - [MESSAGE][PASSED] - Press back button successfully

2022-06-16 09:29:51 - [TEST_STEP][PASSED] - pressBack(): Press back button successfully

2022-06-16 09:29:53 - [MESSAGE][PASSED] - Press back button successfully

2022-06-16 09:29:53 - [TEST_STEP][PASSED] - Account = findElement(findTestObject("Object Repository/DMS_FINA_Mobile/FINA_BottomNav_Account_Button"), 10): null

2022-06-16 09:29:55 - [TEST_STEP][PASSED] - delay(5): Delayed 5 second(s)

2022-06-16 09:30:00 - [MESSAGE][PASSED] - Delayed 5 second(s)]]></system-out>
         <system-err><![CDATA[]]></system-err>
      </testcase>
      <system-out><![CDATA[2022-06-16 09:26:47 - [TEST_SUITE][PASSED] - 1. Login - submit: Test Cases/DMS_Renewal dan Upgrade Asuransi Aswata/Matriks 6/6.2. Upgrade Asuransi]]></system-out>
      <system-err><![CDATA[]]></system-err>
   </testsuite>
</testsuites>
