<?xml version="1.0" encoding="UTF-8"?>
<testsuites name="1. Login - submit" time="185.891" tests="2" failures="0" errors="0">
   <testsuite name="1. Login - submit" tests="2" failures="0" errors="0" time="185.891" skipped="0" timestamp="2022-06-16 09:05:29" hostname="Nia Yusniati - Apandi.mshome.net" id="Test Suites/Upgrade - renewal FINA - Aswata/1/1. Login - submit">
      <properties>
         <property name="deviceName" value="samsung SM-M315F (Android 11)"/>
         <property name="devicePlatform" value=""/>
         <property name="logFolder" value="C:\\Users\\Nia Yusniati\\Git_Asa\\katalon-fina\\Reports\\20220616_090500\\Upgrade - renewal FINA - Aswata\\1\\1. Login - submit\\20220616_090500"/>
         <property name="logFiles" value="C:\\Users\\Nia Yusniati\\Git_Asa\\katalon-fina\\Reports\\20220616_090500\\Upgrade - renewal FINA - Aswata\\1\\1. Login - submit\\20220616_090500\\appium.log, C:\\Users\\Nia Yusniati\\Git_Asa\\katalon-fina\\Reports\\20220616_090500\\Upgrade - renewal FINA - Aswata\\1\\1. Login - submit\\20220616_090500\\execution0.log"/>
         <property name="attachments" value="C:\Users\Nia Yusniati\Git_Asa\katalon-fina\Screenshots\mobile\cakpro\keyes\keyes-skenario-1.1-input username dan password.png, C:\Users\Nia Yusniati\Git_Asa\katalon-fina\Screenshots\mobile\cakpro\keyes\keyes-skenario-1.2-berhasil login.png, C:\Users\Nia Yusniati\Git_Asa\katalon-fina\Screenshots\mobile\cakpro\keyes\keyes-skenario-1.3-list kendaraan.png, C:\Users\Nia Yusniati\Git_Asa\katalon-fina\Screenshots\mobile\cakpro\keyes\keyes-skenario-1.4-pilih tenor.png, C:\Users\Nia Yusniati\Git_Asa\katalon-fina\Screenshots\mobile\cakpro\keyes\keyes-skenario-1.5-pilih jenis upgrade.png, C:\Users\Nia Yusniati\Git_Asa\katalon-fina\Screenshots\mobile\cakpro\keyes\keyes-skenario-1.6-konfirmasi upgrade.png, C:\Users\Nia Yusniati\Git_Asa\katalon-fina\Screenshots\mobile\cakpro\keyes\keyes-skenario-1.7-proses submit berhasil.png"/>
         <property name="hostName" value="Nia Yusniati - Apandi.mshome.net"/>
         <property name="os" value="Windows 10 64bit"/>
         <property name="appiumServerStatus" value="{&quot;value&quot;:{&quot;build&quot;:{&quot;version&quot;:&quot;1.22.2&quot;}},&quot;sessionId&quot;:null,&quot;status&quot;:0}"/>
         <property name="katalonVersion" value="8.1.0.208"/>
         <property name="deviceOS" value="Android"/>
         <property name="appiumVersion" value="1.22.2"/>
         <property name="deviceModel" value="SM-M315F"/>
         <property name="hostAddress" value="192.168.137.70"/>
         <property name="deviceManufacturer" value="samsung"/>
         <property name="deviceId" value="RR8N605F11Y"/>
         <property name="deviceName" value="samsung SM-M315F (Android 11)"/>
         <property name="deviceOSVersion" value="11"/>
      </properties>
      <testcase name="Test Cases/DMS_Renewal dan Upgrade Asuransi Aswata/Matriks 1/1.1. Login - konsumen" time="58.779" classname="Test Cases/DMS_Renewal dan Upgrade Asuransi Aswata/Matriks 1/1.1. Login - konsumen" status="PASSED">
         <system-out><![CDATA[2022-06-16 09:05:30 - [TEST_CASE][PASSED] - Test Cases/DMS_Renewal dan Upgrade Asuransi Aswata/Matriks 1/1.1. Login - konsumen: Test Cases/DMS_Renewal dan Upgrade Asuransi Aswata/Matriks 1/1.1. Login - konsumen

2022-06-16 09:05:31 - [TEST_STEP][PASSED] - baseDir = System.getProperty("user.dir"): null

2022-06-16 09:05:31 - [TEST_STEP][PASSED] - startExistingApplication("com.vq.mbrochuregp.client.android", STOP_ON_FAILURE): Starting app with application ID: 'com.vq.mbrochuregp.client.android'

2022-06-16 09:05:37 - [MESSAGE][INFO] - Appium server started on port 59,080

2022-06-16 09:05:53 - [MESSAGE][PASSED] - Starting app with application ID: 'com.vq.mbrochuregp.client.android'

2022-06-16 09:05:53 - [TEST_STEP][PASSED] - delay(8): Delayed 8 second(s)

2022-06-16 09:06:01 - [MESSAGE][PASSED] - Delayed 8 second(s)

2022-06-16 09:06:01 - [TEST_STEP][PASSED] - setText(findTestObject("DMS_FINA_Mobile/test/android.widget.EditText - Email"), findTestData("DMS_Asr_Cakpro").getObjectValue("Login", 1), 0): Text 'lisharyani@mailinator.com' has been set to element 'Object Repository/DMS_FINA_Mobile/test/android.widget.EditText - Email'

2022-06-16 09:06:02 - [MESSAGE][WARNING] - Timeout '0' is invalid. Using default page load timeout: '30'

2022-06-16 09:06:06 - [MESSAGE][PASSED] - Text 'lisharyani@mailinator.com' has been set to element 'Object Repository/DMS_FINA_Mobile/test/android.widget.EditText - Email'

2022-06-16 09:06:06 - [TEST_STEP][PASSED] - setText(findTestObject("DMS_FINA_Mobile/test/android.widget.EditText - Password"), findTestData("DMS_Asr_Cakpro").getObjectValue("Pass", 1), 0): Text '123abc' has been set to element 'Object Repository/DMS_FINA_Mobile/test/android.widget.EditText - Password'

2022-06-16 09:06:06 - [MESSAGE][WARNING] - Timeout '0' is invalid. Using default page load timeout: '30'

2022-06-16 09:06:07 - [MESSAGE][PASSED] - Text '123abc' has been set to element 'Object Repository/DMS_FINA_Mobile/test/android.widget.EditText - Password'

2022-06-16 09:06:07 - [TEST_STEP][PASSED] - takeScreenshotAsCheckpoint(baseDir + sspathasuransicakpro + "skenario-1.1-input username dan password" + ".png", STOP_ON_FAILURE): Screenshot is taken

2022-06-16 09:06:10 - [MESSAGE][INFO] - 0 hidden object(s)

2022-06-16 09:06:10 - [MESSAGE][PASSED] - Screenshot is taken
[[ATTACHMENT|C:\Users\Nia Yusniati\Git_Asa\katalon-fina\Screenshots\mobile\cakpro\keyes\keyes-skenario-1.1-input username dan password.png]]

2022-06-16 09:06:10 - [TEST_STEP][PASSED] - tap(findTestObject("DMS_FINA_Mobile/FINA_Login/FINA_Login_Button"), 0): Tapped on element 'Object Repository/DMS_FINA_Mobile/FINA_Login/FINA_Login_Button'

2022-06-16 09:06:11 - [MESSAGE][WARNING] - Timeout '0' is invalid. Using default page load timeout: '30'

2022-06-16 09:06:11 - [MESSAGE][PASSED] - Tapped on element 'Object Repository/DMS_FINA_Mobile/FINA_Login/FINA_Login_Button'

2022-06-16 09:06:11 - [TEST_STEP][PASSED] - delay(9): Delayed 9 second(s)

2022-06-16 09:06:20 - [MESSAGE][PASSED] - Delayed 9 second(s)

2022-06-16 09:06:20 - [TEST_STEP][PASSED] - elementAccount = findElement(findTestObject("DMS_FINA_Mobile/FINA_BottomNav_Account_Button"), 10): null

2022-06-16 09:06:24 - [TEST_STEP][PASSED] - elementAccount.click(): null

2022-06-16 09:06:24 - [TEST_STEP][PASSED] - delay(2): Delayed 2 second(s)

2022-06-16 09:06:26 - [MESSAGE][PASSED] - Delayed 2 second(s)

2022-06-16 09:06:26 - [TEST_STEP][PASSED] - takeScreenshotAsCheckpoint(baseDir + sspathasuransicakpro + "skenario-1.2-berhasil login" + ".png", STOP_ON_FAILURE): Screenshot is taken

2022-06-16 09:06:28 - [MESSAGE][INFO] - 0 hidden object(s)

2022-06-16 09:06:28 - [MESSAGE][PASSED] - Screenshot is taken
[[ATTACHMENT|C:\Users\Nia Yusniati\Git_Asa\katalon-fina\Screenshots\mobile\cakpro\keyes\keyes-skenario-1.2-berhasil login.png]]

2022-06-16 09:06:28 - [TEST_STEP][PASSED] - elementHome = findElement(findTestObject("DMS_FINA_Mobile/FINA_BottomNav_Home_Button"), 10): null

2022-06-16 09:06:29 - [TEST_STEP][PASSED] - elementHome.click(): null]]></system-out>
         <system-err><![CDATA[]]></system-err>
      </testcase>
      <testcase name="Test Cases/DMS_Renewal dan Upgrade Asuransi Aswata/Matriks 1/1.2. Upgrade Asuransi" time="124.833" classname="Test Cases/DMS_Renewal dan Upgrade Asuransi Aswata/Matriks 1/1.2. Upgrade Asuransi" status="PASSED">
         <system-out><![CDATA[2022-06-16 09:06:29 - [TEST_CASE][PASSED] - Test Cases/DMS_Renewal dan Upgrade Asuransi Aswata/Matriks 1/1.2. Upgrade Asuransi: Test Cases/DMS_Renewal dan Upgrade Asuransi Aswata/Matriks 1/1.2. Upgrade Asuransi

2022-06-16 09:06:30 - [TEST_STEP][PASSED] - baseDir = System.getProperty("user.dir"): null

2022-06-16 09:06:30 - [TEST_STEP][PASSED] - startExistingApplication("com.vq.mbrochuregp.client.android", STOP_ON_FAILURE): Starting app with application ID: 'com.vq.mbrochuregp.client.android'

2022-06-16 09:06:40 - [MESSAGE][PASSED] - Starting app with application ID: 'com.vq.mbrochuregp.client.android'

2022-06-16 09:06:40 - [TEST_STEP][PASSED] - delay(8): Delayed 8 second(s)

2022-06-16 09:06:48 - [MESSAGE][PASSED] - Delayed 8 second(s)

2022-06-16 09:06:48 - [TEST_STEP][PASSED] - pressBack(): Press back button successfully

2022-06-16 09:06:49 - [MESSAGE][PASSED] - Press back button successfully

2022-06-16 09:06:49 - [TEST_STEP][PASSED] - tap(findTestObject("DMS_FINA_Mobile/FINA_Login/android.widget.Button - TIDAK"), 0): Tapped on element 'Object Repository/DMS_FINA_Mobile/FINA_Login/android.widget.Button - TIDAK'

2022-06-16 09:06:49 - [MESSAGE][WARNING] - Timeout '0' is invalid. Using default page load timeout: '30'

2022-06-16 09:06:51 - [MESSAGE][PASSED] - Tapped on element 'Object Repository/DMS_FINA_Mobile/FINA_Login/android.widget.Button - TIDAK'

2022-06-16 09:06:51 - [TEST_STEP][PASSED] - tap(findTestObject("DMS_FINA_Mobile/FINA_Mobile_Main Menu/FINA_Menu_More_Button"), 0): Tapped on element 'Object Repository/DMS_FINA_Mobile/FINA_Mobile_Main Menu/FINA_Menu_More_Button'

2022-06-16 09:06:51 - [MESSAGE][WARNING] - Timeout '0' is invalid. Using default page load timeout: '30'

2022-06-16 09:06:51 - [MESSAGE][PASSED] - Tapped on element 'Object Repository/DMS_FINA_Mobile/FINA_Mobile_Main Menu/FINA_Menu_More_Button'

2022-06-16 09:06:51 - [TEST_STEP][PASSED] - tap(findTestObject("DMS_FINA_Mobile/FINA_Menu_More Menu/Features/FINA_More_UpgradeAsr_Button"), 0): Tapped on element 'Object Repository/DMS_FINA_Mobile/FINA_Menu_More Menu/Features/FINA_More_UpgradeAsr_Button'

2022-06-16 09:06:52 - [MESSAGE][WARNING] - Timeout '0' is invalid. Using default page load timeout: '30'

2022-06-16 09:06:53 - [MESSAGE][PASSED] - Tapped on element 'Object Repository/DMS_FINA_Mobile/FINA_Menu_More Menu/Features/FINA_More_UpgradeAsr_Button'

2022-06-16 09:06:53 - [TEST_STEP][PASSED] - delay(30): Delayed 30 second(s)

2022-06-16 09:07:23 - [MESSAGE][PASSED] - Delayed 30 second(s)

2022-06-16 09:07:23 - [TEST_STEP][PASSED] - tap(findTestObject("APN_Fina New Versi/List Data/Upgrade 1-1"), 0): Tapped on element 'Object Repository/APN_Fina New Versi/List Data/Upgrade 1-1'

2022-06-16 09:07:23 - [MESSAGE][WARNING] - Timeout '0' is invalid. Using default page load timeout: '30'

2022-06-16 09:07:23 - [MESSAGE][PASSED] - Tapped on element 'Object Repository/APN_Fina New Versi/List Data/Upgrade 1-1'

2022-06-16 09:07:23 - [TEST_STEP][PASSED] - delay(10): Delayed 10 second(s)

2022-06-16 09:07:33 - [MESSAGE][PASSED] - Delayed 10 second(s)

2022-06-16 09:07:33 - [TEST_STEP][PASSED] - takeScreenshotAsCheckpoint(baseDir + sspathasuransicakpro + "skenario-1.3-list kendaraan" + ".png", STOP_ON_FAILURE): Screenshot is taken

2022-06-16 09:07:35 - [MESSAGE][INFO] - 0 hidden object(s)

2022-06-16 09:07:35 - [MESSAGE][PASSED] - Screenshot is taken
[[ATTACHMENT|C:\Users\Nia Yusniati\Git_Asa\katalon-fina\Screenshots\mobile\cakpro\keyes\keyes-skenario-1.3-list kendaraan.png]]

2022-06-16 09:07:36 - [TEST_STEP][PASSED] - tap(findTestObject("DMS_FINA_Mobile/FINA_Upgrade_Asuransi/FINA_UpgradeAsr_Detail_Tenor2_Checkbox"), 0): Tapped on element 'Object Repository/DMS_FINA_Mobile/FINA_Upgrade_Asuransi/FINA_UpgradeAsr_Detail_Tenor2_Checkbox'

2022-06-16 09:07:36 - [MESSAGE][WARNING] - Timeout '0' is invalid. Using default page load timeout: '30'

2022-06-16 09:07:37 - [MESSAGE][PASSED] - Tapped on element 'Object Repository/DMS_FINA_Mobile/FINA_Upgrade_Asuransi/FINA_UpgradeAsr_Detail_Tenor2_Checkbox'

2022-06-16 09:07:37 - [TEST_STEP][PASSED] - delay(2): Delayed 2 second(s)

2022-06-16 09:07:39 - [MESSAGE][PASSED] - Delayed 2 second(s)

2022-06-16 09:07:39 - [TEST_STEP][PASSED] - takeScreenshotAsCheckpoint(baseDir + sspathasuransicakpro + "skenario-1.4-pilih tenor" + ".png", STOP_ON_FAILURE): Screenshot is taken

2022-06-16 09:07:40 - [MESSAGE][INFO] - 0 hidden object(s)

2022-06-16 09:07:41 - [MESSAGE][PASSED] - Screenshot is taken
[[ATTACHMENT|C:\Users\Nia Yusniati\Git_Asa\katalon-fina\Screenshots\mobile\cakpro\keyes\keyes-skenario-1.4-pilih tenor.png]]

2022-06-16 09:07:41 - [TEST_STEP][PASSED] - Lanjutkan1 = findElement(findTestObject("Object Repository/DMS_FINA_Mobile/FINA_Upgrade_Asuransi/FINA_UpgradeAsr_Detail_Lanjutkan_Button"), 10): null

2022-06-16 09:07:42 - [TEST_STEP][PASSED] - Lanjutkan1.click(): null

2022-06-16 09:07:42 - [TEST_STEP][PASSED] - "start": null

2022-06-16 09:07:42 - [TEST_STEP][NOT_RUN] - device_Height = getDeviceHeight(): NOT_RUN: device_Height = getDeviceHeight()

2022-06-16 09:07:42 - [MESSAGE][NOT_RUN] - NOT_RUN: device_Height = getDeviceHeight()

2022-06-16 09:07:42 - [TEST_STEP][NOT_RUN] - device_Width = getDeviceWidth(): NOT_RUN: device_Width = getDeviceWidth()

2022-06-16 09:07:42 - [MESSAGE][NOT_RUN] - NOT_RUN: device_Width = getDeviceWidth()

2022-06-16 09:07:42 - [TEST_STEP][NOT_RUN] - startX = device_Width / 2: NOT_RUN: startX = device_Width / 2

2022-06-16 09:07:42 - [MESSAGE][NOT_RUN] - NOT_RUN: startX = device_Width / 2

2022-06-16 09:07:42 - [TEST_STEP][NOT_RUN] - endX = startX: NOT_RUN: endX = startX

2022-06-16 09:07:42 - [MESSAGE][NOT_RUN] - NOT_RUN: endX = startX

2022-06-16 09:07:42 - [TEST_STEP][NOT_RUN] - startY = device_Height * 0.30: NOT_RUN: startY = device_Height * 0.30

2022-06-16 09:07:42 - [MESSAGE][NOT_RUN] - NOT_RUN: startY = device_Height * 0.30

2022-06-16 09:07:42 - [TEST_STEP][NOT_RUN] - endY = device_Height * 0.70: NOT_RUN: endY = device_Height * 0.70

2022-06-16 09:07:42 - [MESSAGE][NOT_RUN] - NOT_RUN: endY = device_Height * 0.70

2022-06-16 09:07:42 - [TEST_STEP][NOT_RUN] - swipe(startX, endY, endX, startY): NOT_RUN: swipe(startX, endY, endX, startY)

2022-06-16 09:07:42 - [MESSAGE][NOT_RUN] - NOT_RUN: swipe(startX, endY, endX, startY)

2022-06-16 09:07:42 - [TEST_STEP][NOT_RUN] - comment("end"): NOT_RUN: comment("end")

2022-06-16 09:07:42 - [MESSAGE][NOT_RUN] - NOT_RUN: comment("end")

2022-06-16 09:07:42 - [TEST_STEP][PASSED] - delay(20): Delayed 20 second(s)

2022-06-16 09:08:02 - [MESSAGE][PASSED] - Delayed 20 second(s)

2022-06-16 09:08:02 - [TEST_STEP][PASSED] - takeScreenshotAsCheckpoint(baseDir + sspathasuransicakpro + "skenario-1.5-pilih jenis upgrade" + ".png", STOP_ON_FAILURE): Screenshot is taken

2022-06-16 09:08:03 - [MESSAGE][INFO] - 0 hidden object(s)

2022-06-16 09:08:04 - [MESSAGE][PASSED] - Screenshot is taken
[[ATTACHMENT|C:\Users\Nia Yusniati\Git_Asa\katalon-fina\Screenshots\mobile\cakpro\keyes\keyes-skenario-1.5-pilih jenis upgrade.png]]

2022-06-16 09:08:04 - [TEST_STEP][PASSED] - Lanjutkan2 = findElement(findTestObject("Object Repository/DMS_FINA_Mobile/FINA_Upgrade_Asuransi/FINA_UpgradeAsr_Detail_PilihAsuransidanPerluasan_Lanjutkan_Button"), 10): null

2022-06-16 09:08:04 - [TEST_STEP][PASSED] - Lanjutkan2.click(): null

2022-06-16 09:08:04 - [TEST_STEP][PASSED] - delay(2): Delayed 2 second(s)

2022-06-16 09:08:06 - [MESSAGE][PASSED] - Delayed 2 second(s)

2022-06-16 09:08:06 - [TEST_STEP][PASSED] - takeScreenshotAsCheckpoint(baseDir + sspathasuransicakpro + "skenario-1.6-konfirmasi upgrade" + ".png", STOP_ON_FAILURE): Screenshot is taken

2022-06-16 09:08:08 - [MESSAGE][INFO] - 0 hidden object(s)

2022-06-16 09:08:08 - [MESSAGE][PASSED] - Screenshot is taken
[[ATTACHMENT|C:\Users\Nia Yusniati\Git_Asa\katalon-fina\Screenshots\mobile\cakpro\keyes\keyes-skenario-1.6-konfirmasi upgrade.png]]

2022-06-16 09:08:08 - [TEST_STEP][PASSED] - Submit = findElement(findTestObject("DMS_FINA_Mobile/FINA_Upgrade_Asuransi/FINA_UpgradeAsr_Konfirmasi_Submit_Button"), 10): null

2022-06-16 09:08:09 - [TEST_STEP][PASSED] - Submit.click(): null

2022-06-16 09:08:09 - [TEST_STEP][PASSED] - tap(findTestObject("DMS_FINA_Mobile/FINA_Upgrade_Asuransi/FINA_UpgradeAsr_Detail_Konfirmasi_Ya_Button"), 0): Tapped on element 'Object Repository/DMS_FINA_Mobile/FINA_Upgrade_Asuransi/FINA_UpgradeAsr_Detail_Konfirmasi_Ya_Button'

2022-06-16 09:08:09 - [MESSAGE][WARNING] - Timeout '0' is invalid. Using default page load timeout: '30'

2022-06-16 09:08:16 - [MESSAGE][PASSED] - Tapped on element 'Object Repository/DMS_FINA_Mobile/FINA_Upgrade_Asuransi/FINA_UpgradeAsr_Detail_Konfirmasi_Ya_Button'

2022-06-16 09:08:16 - [TEST_STEP][PASSED] - delay(10): Delayed 10 second(s)

2022-06-16 09:08:26 - [MESSAGE][PASSED] - Delayed 10 second(s)

2022-06-16 09:08:26 - [TEST_STEP][PASSED] - takeScreenshotAsCheckpoint(baseDir + sspathasuransicakpro + "skenario-1.7-proses submit berhasil" + ".png", STOP_ON_FAILURE): Screenshot is taken

2022-06-16 09:08:28 - [MESSAGE][INFO] - 0 hidden object(s)

2022-06-16 09:08:28 - [MESSAGE][PASSED] - Screenshot is taken
[[ATTACHMENT|C:\Users\Nia Yusniati\Git_Asa\katalon-fina\Screenshots\mobile\cakpro\keyes\keyes-skenario-1.7-proses submit berhasil.png]]

2022-06-16 09:08:28 - [TEST_STEP][PASSED] - tap(findTestObject("DMS_FINA_Mobile/FINA_Upgrade_Asuransi/FINA_UpgradeAsr_Submit_Kembali_Button"), 0): Tapped on element 'Object Repository/DMS_FINA_Mobile/FINA_Upgrade_Asuransi/FINA_UpgradeAsr_Submit_Kembali_Button'

2022-06-16 09:08:28 - [MESSAGE][WARNING] - Timeout '0' is invalid. Using default page load timeout: '30'

2022-06-16 09:08:29 - [MESSAGE][PASSED] - Tapped on element 'Object Repository/DMS_FINA_Mobile/FINA_Upgrade_Asuransi/FINA_UpgradeAsr_Submit_Kembali_Button'

2022-06-16 09:08:29 - [TEST_STEP][PASSED] - pressBack(): Press back button successfully

2022-06-16 09:08:30 - [MESSAGE][PASSED] - Press back button successfully

2022-06-16 09:08:30 - [TEST_STEP][PASSED] - pressBack(): Press back button successfully

2022-06-16 09:08:31 - [MESSAGE][PASSED] - Press back button successfully

2022-06-16 09:08:31 - [TEST_STEP][PASSED] - Account = findElement(findTestObject("Object Repository/DMS_FINA_Mobile/FINA_BottomNav_Account_Button"), 10): null

2022-06-16 09:08:33 - [TEST_STEP][PASSED] - Account.click(): null]]></system-out>
         <system-err><![CDATA[]]></system-err>
      </testcase>
      <system-out><![CDATA[2022-06-16 09:05:29 - [TEST_SUITE][PASSED] - 1. Login - submit: Test Cases/DMS_Renewal dan Upgrade Asuransi Aswata/Matriks 1/1.2. Upgrade Asuransi]]></system-out>
      <system-err><![CDATA[]]></system-err>
   </testsuite>
</testsuites>
