<?xml version="1.0" encoding="UTF-8"?>
<testsuites name="1. Login - submit" time="176.546" tests="2" failures="0" errors="0">
   <testsuite name="1. Login - submit" tests="2" failures="0" errors="0" time="176.546" skipped="0" timestamp="2022-06-27 09:29:24" hostname="Nia Yusniati - Apandi.mshome.net" id="Test Suites/Upgrade - renewal FINA - Aswata/9.10/1. Login - submit">
      <properties>
         <property name="deviceName" value="samsung SM-M315F (Android 11)"/>
         <property name="devicePlatform" value=""/>
         <property name="logFolder" value="C:\\Users\\Nia Yusniati\\Git_Asa\\katalon-fina\\Reports\\20220627_092911\\Upgrade - renewal FINA - Aswata\\9.10\\1. Login - submit\\20220627_092911"/>
         <property name="logFiles" value="C:\\Users\\Nia Yusniati\\Git_Asa\\katalon-fina\\Reports\\20220627_092911\\Upgrade - renewal FINA - Aswata\\9.10\\1. Login - submit\\20220627_092911\\appium.log, C:\\Users\\Nia Yusniati\\Git_Asa\\katalon-fina\\Reports\\20220627_092911\\Upgrade - renewal FINA - Aswata\\9.10\\1. Login - submit\\20220627_092911\\execution0.log"/>
         <property name="attachments" value="C:\Users\Nia Yusniati\Git_Asa\katalon-fina\Screenshots\mobile\cakpro\keyes\keyes-skenario-10.1-input username dan password.png, C:\Users\Nia Yusniati\Git_Asa\katalon-fina\Screenshots\mobile\cakpro\keyes\keyes-skenario-10.2-berhasil login.png, C:\Users\Nia Yusniati\Git_Asa\katalon-fina\Screenshots\mobile\raksa\keyes\keyes-skenario-10.3-list kendaraan.png, C:\Users\Nia Yusniati\Git_Asa\katalon-fina\Screenshots\mobile\cakpro\keyes\keyes-skenario-10.4-submit renewal.png, C:\Users\Nia Yusniati\Git_Asa\katalon-fina\Screenshots\mobile\cakpro\skenario-10.5-konfirmasi renewal.png, C:\Users\Nia Yusniati\Git_Asa\katalon-fina\Screenshots\mobile\cakpro\skenario-10.5-konfirmasi renewal.png, C:\Users\Nia Yusniati\Git_Asa\katalon-fina\Screenshots\mobile\cakpro\keyes\keyes-skenario-10.6-proses submit berhasil.png"/>
         <property name="hostName" value="Nia Yusniati - Apandi.mshome.net"/>
         <property name="os" value="Windows 10 64bit"/>
         <property name="appiumServerStatus" value="{&quot;value&quot;:{&quot;build&quot;:{&quot;version&quot;:&quot;1.22.2&quot;}},&quot;sessionId&quot;:null,&quot;status&quot;:0}"/>
         <property name="katalonVersion" value="8.1.0.208"/>
         <property name="deviceOS" value="Android"/>
         <property name="appiumVersion" value="1.22.2"/>
         <property name="deviceModel" value="SM-M315F"/>
         <property name="hostAddress" value="192.168.137.70"/>
         <property name="deviceManufacturer" value="samsung"/>
         <property name="deviceId" value="RR8N605F11Y"/>
         <property name="deviceName" value="samsung SM-M315F (Android 11)"/>
         <property name="deviceOSVersion" value="11"/>
      </properties>
      <testcase name="Test Cases/DMS_Renewal dan Upgrade Asuransi Aswata/Matriks 9.10/10.1. Login - konsumen" time="58.412" classname="Test Cases/DMS_Renewal dan Upgrade Asuransi Aswata/Matriks 9.10/10.1. Login - konsumen" status="PASSED">
         <system-out><![CDATA[2022-06-27 09:29:25 - [TEST_CASE][PASSED] - Test Cases/DMS_Renewal dan Upgrade Asuransi Aswata/Matriks 9.10/10.1. Login - konsumen: Test Cases/DMS_Renewal dan Upgrade Asuransi Aswata/Matriks 9.10/10.1. Login - konsumen

2022-06-27 09:29:26 - [TEST_STEP][PASSED] - baseDir = System.getProperty("user.dir"): null

2022-06-27 09:29:26 - [TEST_STEP][PASSED] - startExistingApplication("com.vq.mbrochuregp.client.android", STOP_ON_FAILURE): Starting app with application ID: 'com.vq.mbrochuregp.client.android'

2022-06-27 09:29:31 - [MESSAGE][INFO] - Appium server started on port 61,919

2022-06-27 09:29:48 - [MESSAGE][PASSED] - Starting app with application ID: 'com.vq.mbrochuregp.client.android'

2022-06-27 09:29:48 - [TEST_STEP][PASSED] - delay(8): Delayed 8 second(s)

2022-06-27 09:29:56 - [MESSAGE][PASSED] - Delayed 8 second(s)

2022-06-27 09:29:56 - [TEST_STEP][PASSED] - element = findElement(findTestObject("DMS_FINA_Mobile/FINA_BottomNav_Account_Button"), 10): null

2022-06-27 09:29:59 - [TEST_STEP][PASSED] - element.click(): null

2022-06-27 09:29:59 - [TEST_STEP][PASSED] - setText(findTestObject("DMS_FINA_Mobile/FINA_Login/Login_Text"), findTestData("DMS_Asr_Cakpro").getObjectValue("Login", 41), 0): Text 'ibrahim@mailinator.com' has been set to element 'Object Repository/DMS_FINA_Mobile/FINA_Login/Login_Text'

2022-06-27 09:30:00 - [MESSAGE][WARNING] - Timeout '0' is invalid. Using default page load timeout: '30'

2022-06-27 09:30:02 - [MESSAGE][PASSED] - Text 'ibrahim@mailinator.com' has been set to element 'Object Repository/DMS_FINA_Mobile/FINA_Login/Login_Text'

2022-06-27 09:30:02 - [TEST_STEP][PASSED] - setText(findTestObject("DMS_FINA_Mobile/FINA_Login/Login_Password_Text"), findTestData("DMS_Asr_Cakpro").getObjectValue("Pass", 41), 0): Text '123abc' has been set to element 'Object Repository/DMS_FINA_Mobile/FINA_Login/Login_Password_Text'

2022-06-27 09:30:02 - [MESSAGE][WARNING] - Timeout '0' is invalid. Using default page load timeout: '30'

2022-06-27 09:30:03 - [MESSAGE][PASSED] - Text '123abc' has been set to element 'Object Repository/DMS_FINA_Mobile/FINA_Login/Login_Password_Text'

2022-06-27 09:30:03 - [TEST_STEP][PASSED] - takeScreenshotAsCheckpoint(baseDir + sspathasuransicakpro + "skenario-10.1-input username dan password" + ".png", STOP_ON_FAILURE): Screenshot is taken

2022-06-27 09:30:06 - [MESSAGE][INFO] - 0 hidden object(s)

2022-06-27 09:30:07 - [MESSAGE][PASSED] - Screenshot is taken
[[ATTACHMENT|C:\Users\Nia Yusniati\Git_Asa\katalon-fina\Screenshots\mobile\cakpro\keyes\keyes-skenario-10.1-input username dan password.png]]

2022-06-27 09:30:07 - [TEST_STEP][PASSED] - tap(findTestObject("DMS_FINA_Mobile/FINA_Login/FINA_Login_Button"), 0): Tapped on element 'Object Repository/DMS_FINA_Mobile/FINA_Login/FINA_Login_Button'

2022-06-27 09:30:07 - [MESSAGE][WARNING] - Timeout '0' is invalid. Using default page load timeout: '30'

2022-06-27 09:30:08 - [MESSAGE][PASSED] - Tapped on element 'Object Repository/DMS_FINA_Mobile/FINA_Login/FINA_Login_Button'

2022-06-27 09:30:08 - [TEST_STEP][PASSED] - delay(0, STOP_ON_FAILURE): Delayed 0 second(s)

2022-06-27 09:30:08 - [MESSAGE][PASSED] - Delayed 0 second(s)

2022-06-27 09:30:08 - [TEST_STEP][PASSED] - scrollToText("Suku Bunga", STOP_ON_FAILURE): Scrolling to text 'Suku Bunga' successfully

2022-06-27 09:30:16 - [MESSAGE][PASSED] - Scrolling to text 'Suku Bunga' successfully

2022-06-27 09:30:16 - [TEST_STEP][PASSED] - elementAccount = findElement(findTestObject("DMS_FINA_Mobile/FINA_BottomNav_Account_Button"), 10): null

2022-06-27 09:30:17 - [TEST_STEP][PASSED] - elementAccount.click(): null

2022-06-27 09:30:17 - [TEST_STEP][PASSED] - delay(2): Delayed 2 second(s)

2022-06-27 09:30:19 - [MESSAGE][PASSED] - Delayed 2 second(s)

2022-06-27 09:30:19 - [TEST_STEP][PASSED] - takeScreenshotAsCheckpoint(baseDir + sspathasuransicakpro + "skenario-10.2-berhasil login" + ".png", STOP_ON_FAILURE): Screenshot is taken

2022-06-27 09:30:21 - [MESSAGE][INFO] - 0 hidden object(s)

2022-06-27 09:30:21 - [MESSAGE][PASSED] - Screenshot is taken
[[ATTACHMENT|C:\Users\Nia Yusniati\Git_Asa\katalon-fina\Screenshots\mobile\cakpro\keyes\keyes-skenario-10.2-berhasil login.png]]

2022-06-27 09:30:21 - [TEST_STEP][PASSED] - elementHome = findElement(findTestObject("DMS_FINA_Mobile/FINA_BottomNav_Home_Button"), 10): null

2022-06-27 09:30:23 - [TEST_STEP][PASSED] - elementHome.click(): null]]></system-out>
         <system-err><![CDATA[]]></system-err>
      </testcase>
      <testcase name="Test Cases/DMS_Renewal dan Upgrade Asuransi Aswata/Matriks 9.10/10.2. Renewal Asuransi" time="115.696" classname="Test Cases/DMS_Renewal dan Upgrade Asuransi Aswata/Matriks 9.10/10.2. Renewal Asuransi" status="PASSED">
         <system-out><![CDATA[2022-06-27 09:30:23 - [TEST_CASE][PASSED] - Test Cases/DMS_Renewal dan Upgrade Asuransi Aswata/Matriks 9.10/10.2. Renewal Asuransi: Test Cases/DMS_Renewal dan Upgrade Asuransi Aswata/Matriks 9.10/10.2. Renewal Asuransi

2022-06-27 09:30:24 - [TEST_STEP][PASSED] - baseDir = System.getProperty("user.dir"): null

2022-06-27 09:30:24 - [TEST_STEP][PASSED] - startExistingApplication("com.vq.mbrochuregp.client.android", STOP_ON_FAILURE): Starting app with application ID: 'com.vq.mbrochuregp.client.android'

2022-06-27 09:30:36 - [MESSAGE][PASSED] - Starting app with application ID: 'com.vq.mbrochuregp.client.android'

2022-06-27 09:30:36 - [TEST_STEP][PASSED] - delay(8): Delayed 8 second(s)

2022-06-27 09:30:44 - [MESSAGE][PASSED] - Delayed 8 second(s)

2022-06-27 09:30:44 - [TEST_STEP][PASSED] - pressBack(): Press back button successfully

2022-06-27 09:30:44 - [MESSAGE][PASSED] - Press back button successfully

2022-06-27 09:30:44 - [TEST_STEP][PASSED] - tap(findTestObject("DMS_FINA_Mobile/FINA_Login/android.widget.Button - TIDAK"), 0): Tapped on element 'Object Repository/DMS_FINA_Mobile/FINA_Login/android.widget.Button - TIDAK'

2022-06-27 09:30:44 - [MESSAGE][WARNING] - Timeout '0' is invalid. Using default page load timeout: '30'

2022-06-27 09:30:47 - [MESSAGE][PASSED] - Tapped on element 'Object Repository/DMS_FINA_Mobile/FINA_Login/android.widget.Button - TIDAK'

2022-06-27 09:30:47 - [TEST_STEP][PASSED] - tap(findTestObject("DMS_FINA_Mobile/FINA_Mobile_Main Menu/FINA_Menu_More_Button"), 0): Tapped on element 'Object Repository/DMS_FINA_Mobile/FINA_Mobile_Main Menu/FINA_Menu_More_Button'

2022-06-27 09:30:47 - [MESSAGE][WARNING] - Timeout '0' is invalid. Using default page load timeout: '30'

2022-06-27 09:30:48 - [MESSAGE][PASSED] - Tapped on element 'Object Repository/DMS_FINA_Mobile/FINA_Mobile_Main Menu/FINA_Menu_More_Button'

2022-06-27 09:30:48 - [TEST_STEP][PASSED] - tap(findTestObject("DMS_FINA_Mobile/FINA_Menu_More Menu/Features/FINA_More_RenewalAsr_Button"), 0): Tapped on element 'Object Repository/DMS_FINA_Mobile/FINA_Menu_More Menu/Features/FINA_More_RenewalAsr_Button'

2022-06-27 09:30:48 - [MESSAGE][WARNING] - Timeout '0' is invalid. Using default page load timeout: '30'

2022-06-27 09:30:49 - [MESSAGE][PASSED] - Tapped on element 'Object Repository/DMS_FINA_Mobile/FINA_Menu_More Menu/Features/FINA_More_RenewalAsr_Button'

2022-06-27 09:30:49 - [TEST_STEP][PASSED] - delay(30): Delayed 30 second(s)

2022-06-27 09:31:19 - [MESSAGE][PASSED] - Delayed 30 second(s)

2022-06-27 09:31:19 - [TEST_STEP][PASSED] - takeScreenshotAsCheckpoint(baseDir + sspathasuransiraksa + "skenario-10.3-list kendaraan" + ".png", STOP_ON_FAILURE): Screenshot is taken

2022-06-27 09:31:21 - [MESSAGE][INFO] - 0 hidden object(s)

2022-06-27 09:31:22 - [MESSAGE][PASSED] - Screenshot is taken
[[ATTACHMENT|C:\Users\Nia Yusniati\Git_Asa\katalon-fina\Screenshots\mobile\raksa\keyes\keyes-skenario-10.3-list kendaraan.png]]

2022-06-27 09:31:22 - [TEST_STEP][PASSED] - tap(findTestObject("APN_Fina New Versi/List Data/Renewal 1-1"), 0): Tapped on element 'Object Repository/APN_Fina New Versi/List Data/Renewal 1-1'

2022-06-27 09:31:22 - [MESSAGE][WARNING] - Timeout '0' is invalid. Using default page load timeout: '30'

2022-06-27 09:31:23 - [MESSAGE][PASSED] - Tapped on element 'Object Repository/APN_Fina New Versi/List Data/Renewal 1-1'

2022-06-27 09:31:23 - [TEST_STEP][PASSED] - delay(10): Delayed 10 second(s)

2022-06-27 09:31:33 - [MESSAGE][PASSED] - Delayed 10 second(s)

2022-06-27 09:31:33 - [TEST_STEP][PASSED] - "start": null

2022-06-27 09:31:33 - [TEST_STEP][PASSED] - device_Height = getDeviceHeight(): Current device physical height is 2131

2022-06-27 09:31:33 - [MESSAGE][PASSED] - Current device physical height is 2131

2022-06-27 09:31:33 - [TEST_STEP][PASSED] - device_Width = getDeviceWidth(): Current device physical width is 1080

2022-06-27 09:31:33 - [MESSAGE][PASSED] - Current device physical width is 1080

2022-06-27 09:31:33 - [TEST_STEP][PASSED] - startX = device_Width / 2: null

2022-06-27 09:31:33 - [TEST_STEP][PASSED] - endX = startX: null

2022-06-27 09:31:33 - [TEST_STEP][PASSED] - startY = device_Height * 0.30: null

2022-06-27 09:31:33 - [TEST_STEP][PASSED] - endY = device_Height * 0.70: null

2022-06-27 09:31:33 - [TEST_STEP][PASSED] - swipe(startX, endY, endX, startY): Swiped from 540,1,491 to 540,639

2022-06-27 09:31:34 - [MESSAGE][PASSED] - Swiped from 540,1,491 to 540,639

2022-06-27 09:31:34 - [TEST_STEP][PASSED] - comment("end"): end

2022-06-27 09:31:34 - [MESSAGE][INFO] - end

2022-06-27 09:31:34 - [TEST_STEP][PASSED] - tap(findTestObject("DMS_FINA_Mobile/FINA_Renewal_Asuransi/FINA_RenewalAsr_DetailAsr_TLO 2thn_Radiobutton"), 0): Tapped on element 'Object Repository/DMS_FINA_Mobile/FINA_Renewal_Asuransi/FINA_RenewalAsr_DetailAsr_TLO 2thn_Radiobutton'

2022-06-27 09:31:35 - [MESSAGE][WARNING] - Timeout '0' is invalid. Using default page load timeout: '30'

2022-06-27 09:31:36 - [MESSAGE][PASSED] - Tapped on element 'Object Repository/DMS_FINA_Mobile/FINA_Renewal_Asuransi/FINA_RenewalAsr_DetailAsr_TLO 2thn_Radiobutton'

2022-06-27 09:31:36 - [TEST_STEP][PASSED] - delay(2): Delayed 2 second(s)

2022-06-27 09:31:38 - [MESSAGE][PASSED] - Delayed 2 second(s)

2022-06-27 09:31:38 - [TEST_STEP][PASSED] - takeScreenshotAsCheckpoint(baseDir + sspathasuransicakpro + "skenario-10.4-submit renewal" + ".png", STOP_ON_FAILURE): Screenshot is taken

2022-06-27 09:31:40 - [MESSAGE][INFO] - 0 hidden object(s)

2022-06-27 09:31:40 - [MESSAGE][PASSED] - Screenshot is taken
[[ATTACHMENT|C:\Users\Nia Yusniati\Git_Asa\katalon-fina\Screenshots\mobile\cakpro\keyes\keyes-skenario-10.4-submit renewal.png]]

2022-06-27 09:31:40 - [TEST_STEP][PASSED] - Lanjutkan = findElement(findTestObject("DMS_FINA_Mobile/FINA_Renewal_Asuransi/FINA_RenewalAsr_DetailAsr_Lanjutkan_Button"), 10): null

2022-06-27 09:31:41 - [TEST_STEP][PASSED] - Lanjutkan.click(): null

2022-06-27 09:31:41 - [TEST_STEP][PASSED] - delay(10): Delayed 10 second(s)

2022-06-27 09:31:51 - [MESSAGE][PASSED] - Delayed 10 second(s)

2022-06-27 09:31:51 - [TEST_STEP][PASSED] - setText(findTestObject("DMS_FINA_Mobile/FINA_Renewal_Asuransi/android.widget.EditText - Nomor Telepon  HP"), findTestData("DMS_Asr_Cakpro").getObjectValue("No tlp", 65), 0): Text '085710222996' has been set to element 'Object Repository/DMS_FINA_Mobile/FINA_Renewal_Asuransi/android.widget.EditText - Nomor Telepon  HP'

2022-06-27 09:31:51 - [MESSAGE][WARNING] - Timeout '0' is invalid. Using default page load timeout: '30'

2022-06-27 09:31:53 - [MESSAGE][PASSED] - Text '085710222996' has been set to element 'Object Repository/DMS_FINA_Mobile/FINA_Renewal_Asuransi/android.widget.EditText - Nomor Telepon  HP'

2022-06-27 09:31:53 - [TEST_STEP][PASSED] - takeScreenshot(baseDir + sspathasuransicakpro + "skenario-10.5-konfirmasi renewal" + ".png", STOP_ON_FAILURE): Screenshot is taken

2022-06-27 09:31:54 - [MESSAGE][PASSED] - Screenshot is taken
[[ATTACHMENT|C:\Users\Nia Yusniati\Git_Asa\katalon-fina\Screenshots\mobile\cakpro\skenario-10.5-konfirmasi renewal.png]]

2022-06-27 09:31:54 - [MESSAGE][PASSED] - Screenshot is taken
[[ATTACHMENT|C:\Users\Nia Yusniati\Git_Asa\katalon-fina\Screenshots\mobile\cakpro\skenario-10.5-konfirmasi renewal.png]]

2022-06-27 09:31:54 - [TEST_STEP][PASSED] - Submit = findElement(findTestObject("DMS_FINA_Mobile/FINA_Renewal_Asuransi/FINA_RenewalAsr_DetailAsr_Submit_Button"), 10): null

2022-06-27 09:31:54 - [TEST_STEP][PASSED] - Submit.click(): null

2022-06-27 09:31:55 - [TEST_STEP][PASSED] - tap(findTestObject("DMS_FINA_Mobile/FINA_Renewal_Asuransi/FINA_RenewalAsr_Submit_Ya_Button"), 0): Tapped on element 'Object Repository/DMS_FINA_Mobile/FINA_Renewal_Asuransi/FINA_RenewalAsr_Submit_Ya_Button'

2022-06-27 09:31:55 - [MESSAGE][WARNING] - Timeout '0' is invalid. Using default page load timeout: '30'

2022-06-27 09:31:56 - [MESSAGE][PASSED] - Tapped on element 'Object Repository/DMS_FINA_Mobile/FINA_Renewal_Asuransi/FINA_RenewalAsr_Submit_Ya_Button'

2022-06-27 09:31:56 - [TEST_STEP][PASSED] - delay(10): Delayed 10 second(s)

2022-06-27 09:32:06 - [MESSAGE][PASSED] - Delayed 10 second(s)

2022-06-27 09:32:06 - [TEST_STEP][PASSED] - takeScreenshotAsCheckpoint(baseDir + sspathasuransicakpro + "skenario-10.6-proses submit berhasil" + ".png", STOP_ON_FAILURE): Screenshot is taken

2022-06-27 09:32:08 - [MESSAGE][INFO] - 0 hidden object(s)

2022-06-27 09:32:09 - [MESSAGE][PASSED] - Screenshot is taken
[[ATTACHMENT|C:\Users\Nia Yusniati\Git_Asa\katalon-fina\Screenshots\mobile\cakpro\keyes\keyes-skenario-10.6-proses submit berhasil.png]]

2022-06-27 09:32:09 - [TEST_STEP][PASSED] - tap(findTestObject("DMS_FINA_Mobile/FINA_Renewal_Asuransi/FINA_RenewalAsr_Submit_Kembali_Button"), 0): Tapped on element 'Object Repository/DMS_FINA_Mobile/FINA_Renewal_Asuransi/FINA_RenewalAsr_Submit_Kembali_Button'

2022-06-27 09:32:09 - [MESSAGE][WARNING] - Timeout '0' is invalid. Using default page load timeout: '30'

2022-06-27 09:32:09 - [MESSAGE][PASSED] - Tapped on element 'Object Repository/DMS_FINA_Mobile/FINA_Renewal_Asuransi/FINA_RenewalAsr_Submit_Kembali_Button'

2022-06-27 09:32:09 - [TEST_STEP][PASSED] - pressBack(): Press back button successfully

2022-06-27 09:32:11 - [MESSAGE][PASSED] - Press back button successfully

2022-06-27 09:32:11 - [TEST_STEP][PASSED] - pressBack(): Press back button successfully

2022-06-27 09:32:13 - [MESSAGE][PASSED] - Press back button successfully

2022-06-27 09:32:13 - [TEST_STEP][PASSED] - Account = findElement(findTestObject("Object Repository/DMS_FINA_Mobile/FINA_BottomNav_Account_Button"), 10): null

2022-06-27 09:32:14 - [TEST_STEP][PASSED] - Account.click(): null

2022-06-27 09:32:14 - [TEST_STEP][PASSED] - delay(5): Delayed 5 second(s)

2022-06-27 09:32:19 - [MESSAGE][PASSED] - Delayed 5 second(s)]]></system-out>
         <system-err><![CDATA[]]></system-err>
      </testcase>
      <system-out><![CDATA[2022-06-27 09:29:24 - [TEST_SUITE][PASSED] - 1. Login - submit: Test Cases/DMS_Renewal dan Upgrade Asuransi Aswata/Matriks 9.10/10.2. Renewal Asuransi]]></system-out>
      <system-err><![CDATA[]]></system-err>
   </testsuite>
</testsuites>
