<?xml version="1.0" encoding="UTF-8"?>
<testsuites name="3. Login - cek billing" time="166.278" tests="2" failures="0" errors="0">
   <testsuite name="3. Login - cek billing" tests="2" failures="0" errors="0" time="166.278" skipped="0" timestamp="2022-06-27 10:48:29" hostname="Nia Yusniati - Apandi" id="Test Suites/Upgrade - renewal FINA - Aswata/9.12/3. Login - cek billing">
      <properties>
         <property name="deviceName" value="samsung SM-M315F (Android 11)"/>
         <property name="devicePlatform" value=""/>
         <property name="logFolder" value="C:\\Users\\Nia Yusniati\\Git_Asa\\katalon-fina\\Reports\\20220627_104805\\Upgrade - renewal FINA - Aswata\\9.12\\3. Login - cek billing\\20220627_104805"/>
         <property name="logFiles" value="C:\\Users\\Nia Yusniati\\Git_Asa\\katalon-fina\\Reports\\20220627_104805\\Upgrade - renewal FINA - Aswata\\9.12\\3. Login - cek billing\\20220627_104805\\appium.log, C:\\Users\\Nia Yusniati\\Git_Asa\\katalon-fina\\Reports\\20220627_104805\\Upgrade - renewal FINA - Aswata\\9.12\\3. Login - cek billing\\20220627_104805\\execution0.log"/>
         <property name="attachments" value="C:\Users\Nia Yusniati\Git_Asa\katalon-fina\Screenshots\mobile\cakpro\keyes\keyes-skenario-12.1-input username dan password.png, C:\Users\Nia Yusniati\Git_Asa\katalon-fina\Screenshots\mobile\cakpro\keyes\keyes-skenario-12.2-berhasil login.png, C:\Users\Nia Yusniati\Git_Asa\katalon-fina\Screenshots\mobile\cakpro\keyes\keyes-skenario-12.10-list billing belum dibayar.png, C:\Users\Nia Yusniati\Git_Asa\katalon-fina\Screenshots\mobile\cakpro\keyes\keyes-skenario-12.11-list billing sudah dibayar.png, C:\Users\Nia Yusniati\Git_Asa\katalon-fina\Screenshots\mobile\cakpro\keyes\keyes-skenario-12.12-detail billing belum dibayar.png, C:\Users\Nia Yusniati\Git_Asa\katalon-fina\Screenshots\mobile\cakpro\keyes\keyes-skenario-12.13-kirim email billing.png, C:\Users\Nia Yusniati\Git_Asa\katalon-fina\Screenshots\mobile\cakpro\keyes\keyes-skenario-12.14-dokumen terkirim.png"/>
         <property name="hostName" value="Nia Yusniati - Apandi"/>
         <property name="os" value="Windows 10 64bit"/>
         <property name="appiumServerStatus" value="{&quot;value&quot;:{&quot;build&quot;:{&quot;version&quot;:&quot;1.22.2&quot;}},&quot;sessionId&quot;:null,&quot;status&quot;:0}"/>
         <property name="katalonVersion" value="8.1.0.208"/>
         <property name="deviceOS" value="Android"/>
         <property name="appiumVersion" value="1.22.2"/>
         <property name="deviceModel" value="SM-M315F"/>
         <property name="hostAddress" value="192.168.187.156"/>
         <property name="deviceManufacturer" value="samsung"/>
         <property name="deviceId" value="RR8N605F11Y"/>
         <property name="deviceName" value="samsung SM-M315F (Android 11)"/>
         <property name="deviceOSVersion" value="11"/>
      </properties>
      <testcase name="Test Cases/DMS_Renewal dan Upgrade Asuransi Aswata/Matriks 9.12/12.1. Login - konsumen" time="55.589" classname="Test Cases/DMS_Renewal dan Upgrade Asuransi Aswata/Matriks 9.12/12.1. Login - konsumen" status="PASSED">
         <system-out><![CDATA[2022-06-27 10:48:30 - [TEST_CASE][PASSED] - Test Cases/DMS_Renewal dan Upgrade Asuransi Aswata/Matriks 9.12/12.1. Login - konsumen: Test Cases/DMS_Renewal dan Upgrade Asuransi Aswata/Matriks 9.12/12.1. Login - konsumen

2022-06-27 10:48:31 - [TEST_STEP][PASSED] - baseDir = System.getProperty("user.dir"): null

2022-06-27 10:48:31 - [TEST_STEP][PASSED] - startExistingApplication("com.vq.mbrochuregp.client.android", STOP_ON_FAILURE): Starting app with application ID: 'com.vq.mbrochuregp.client.android'

2022-06-27 10:48:36 - [MESSAGE][INFO] - Appium server started on port 58,801

2022-06-27 10:48:53 - [MESSAGE][PASSED] - Starting app with application ID: 'com.vq.mbrochuregp.client.android'

2022-06-27 10:48:53 - [TEST_STEP][PASSED] - delay(8): Delayed 8 second(s)

2022-06-27 10:49:01 - [MESSAGE][PASSED] - Delayed 8 second(s)

2022-06-27 10:49:01 - [TEST_STEP][PASSED] - element = findElement(findTestObject("DMS_FINA_Mobile/FINA_BottomNav_Account_Button"), 10): null

2022-06-27 10:49:04 - [TEST_STEP][PASSED] - element.click(): null

2022-06-27 10:49:04 - [TEST_STEP][PASSED] - setText(findTestObject("DMS_FINA_Mobile/FINA_Login/Login_Text"), findTestData("DMS_Asr_Cakpro").getObjectValue("Login", 53), 0): Text 'ratnak@mailinator.com' has been set to element 'Object Repository/DMS_FINA_Mobile/FINA_Login/Login_Text'

2022-06-27 10:49:06 - [MESSAGE][WARNING] - Timeout '0' is invalid. Using default page load timeout: '30'

2022-06-27 10:49:07 - [MESSAGE][PASSED] - Text 'ratnak@mailinator.com' has been set to element 'Object Repository/DMS_FINA_Mobile/FINA_Login/Login_Text'

2022-06-27 10:49:07 - [TEST_STEP][PASSED] - setText(findTestObject("DMS_FINA_Mobile/FINA_Login/Login_Password_Text"), findTestData("DMS_Asr_Cakpro").getObjectValue("Pass", 53), 0): Text '123abc' has been set to element 'Object Repository/DMS_FINA_Mobile/FINA_Login/Login_Password_Text'

2022-06-27 10:49:08 - [MESSAGE][WARNING] - Timeout '0' is invalid. Using default page load timeout: '30'

2022-06-27 10:49:09 - [MESSAGE][PASSED] - Text '123abc' has been set to element 'Object Repository/DMS_FINA_Mobile/FINA_Login/Login_Password_Text'

2022-06-27 10:49:09 - [TEST_STEP][PASSED] - takeScreenshotAsCheckpoint(baseDir + sspathasuransicakpro + "skenario-12.1-input username dan password" + ".png", STOP_ON_FAILURE): Screenshot is taken

2022-06-27 10:49:12 - [MESSAGE][INFO] - 0 hidden object(s)

2022-06-27 10:49:13 - [MESSAGE][PASSED] - Screenshot is taken
[[ATTACHMENT|C:\Users\Nia Yusniati\Git_Asa\katalon-fina\Screenshots\mobile\cakpro\keyes\keyes-skenario-12.1-input username dan password.png]]

2022-06-27 10:49:13 - [TEST_STEP][PASSED] - tap(findTestObject("DMS_FINA_Mobile/FINA_Login/FINA_Login_Button"), 0): Tapped on element 'Object Repository/DMS_FINA_Mobile/FINA_Login/FINA_Login_Button'

2022-06-27 10:49:13 - [MESSAGE][WARNING] - Timeout '0' is invalid. Using default page load timeout: '30'

2022-06-27 10:49:13 - [MESSAGE][PASSED] - Tapped on element 'Object Repository/DMS_FINA_Mobile/FINA_Login/FINA_Login_Button'

2022-06-27 10:49:13 - [TEST_STEP][PASSED] - delay(2, STOP_ON_FAILURE): Delayed 2 second(s)

2022-06-27 10:49:15 - [MESSAGE][PASSED] - Delayed 2 second(s)

2022-06-27 10:49:15 - [TEST_STEP][PASSED] - elementAccount = findElement(findTestObject("DMS_FINA_Mobile/FINA_BottomNav_Account_Button"), 10): null

2022-06-27 10:49:19 - [TEST_STEP][PASSED] - elementAccount.click(): null

2022-06-27 10:49:20 - [TEST_STEP][PASSED] - delay(2): Delayed 2 second(s)

2022-06-27 10:49:22 - [MESSAGE][PASSED] - Delayed 2 second(s)

2022-06-27 10:49:22 - [TEST_STEP][PASSED] - takeScreenshotAsCheckpoint(baseDir + sspathasuransicakpro + "skenario-12.2-berhasil login" + ".png", STOP_ON_FAILURE): Screenshot is taken

2022-06-27 10:49:24 - [MESSAGE][INFO] - 0 hidden object(s)

2022-06-27 10:49:24 - [MESSAGE][PASSED] - Screenshot is taken
[[ATTACHMENT|C:\Users\Nia Yusniati\Git_Asa\katalon-fina\Screenshots\mobile\cakpro\keyes\keyes-skenario-12.2-berhasil login.png]]

2022-06-27 10:49:24 - [TEST_STEP][PASSED] - elementHome = findElement(findTestObject("DMS_FINA_Mobile/FINA_BottomNav_Home_Button"), 10): null

2022-06-27 10:49:25 - [TEST_STEP][PASSED] - elementHome.click(): null]]></system-out>
         <system-err><![CDATA[]]></system-err>
      </testcase>
      <testcase name="Test Cases/DMS_Renewal dan Upgrade Asuransi Aswata/Matriks 9.12/12.4. Billing belum dibayar" time="108.343" classname="Test Cases/DMS_Renewal dan Upgrade Asuransi Aswata/Matriks 9.12/12.4. Billing belum dibayar" status="PASSED">
         <system-out><![CDATA[2022-06-27 10:49:25 - [TEST_CASE][PASSED] - Test Cases/DMS_Renewal dan Upgrade Asuransi Aswata/Matriks 9.12/12.4. Billing belum dibayar: Test Cases/DMS_Renewal dan Upgrade Asuransi Aswata/Matriks 9.12/12.4. Billing belum dibayar

2022-06-27 10:49:27 - [TEST_STEP][PASSED] - baseDir = System.getProperty("user.dir"): null

2022-06-27 10:49:27 - [TEST_STEP][PASSED] - startExistingApplication("com.vq.mbrochuregp.client.android", STOP_ON_FAILURE): Starting app with application ID: 'com.vq.mbrochuregp.client.android'

2022-06-27 10:49:38 - [MESSAGE][PASSED] - Starting app with application ID: 'com.vq.mbrochuregp.client.android'

2022-06-27 10:49:38 - [TEST_STEP][PASSED] - delay(8): Delayed 8 second(s)

2022-06-27 10:49:46 - [MESSAGE][PASSED] - Delayed 8 second(s)

2022-06-27 10:49:46 - [TEST_STEP][PASSED] - pressBack(): Press back button successfully

2022-06-27 10:49:46 - [MESSAGE][PASSED] - Press back button successfully

2022-06-27 10:49:46 - [TEST_STEP][PASSED] - tap(findTestObject("DMS_FINA_Mobile/FINA_Login/android.widget.Button - TIDAK"), 0): Tapped on element 'Object Repository/DMS_FINA_Mobile/FINA_Login/android.widget.Button - TIDAK'

2022-06-27 10:49:47 - [MESSAGE][WARNING] - Timeout '0' is invalid. Using default page load timeout: '30'

2022-06-27 10:49:48 - [MESSAGE][PASSED] - Tapped on element 'Object Repository/DMS_FINA_Mobile/FINA_Login/android.widget.Button - TIDAK'

2022-06-27 10:49:48 - [TEST_STEP][PASSED] - tap(findTestObject("DMS_FINA_Mobile/FINA_BottomNav_Billing_Button"), 0): Tapped on element 'Object Repository/DMS_FINA_Mobile/FINA_BottomNav_Billing_Button'

2022-06-27 10:49:48 - [MESSAGE][WARNING] - Timeout '0' is invalid. Using default page load timeout: '30'

2022-06-27 10:49:49 - [MESSAGE][PASSED] - Tapped on element 'Object Repository/DMS_FINA_Mobile/FINA_BottomNav_Billing_Button'

2022-06-27 10:49:49 - [TEST_STEP][PASSED] - delay(20): Delayed 20 second(s)

2022-06-27 10:50:09 - [MESSAGE][PASSED] - Delayed 20 second(s)

2022-06-27 10:50:09 - [TEST_STEP][PASSED] - takeScreenshotAsCheckpoint(baseDir + sspathasuransicakpro + "skenario-12.10-list billing belum dibayar" + ".png", STOP_ON_FAILURE): Screenshot is taken

2022-06-27 10:50:11 - [MESSAGE][INFO] - 0 hidden object(s)

2022-06-27 10:50:11 - [MESSAGE][PASSED] - Screenshot is taken
[[ATTACHMENT|C:\Users\Nia Yusniati\Git_Asa\katalon-fina\Screenshots\mobile\cakpro\keyes\keyes-skenario-12.10-list billing belum dibayar.png]]

2022-06-27 10:50:11 - [TEST_STEP][PASSED] - tap(findTestObject("DMS_FINA_Mobile/FINA_Billing/FINA_Billing_Sudah Dibayar"), 0): Tapped on element 'Object Repository/DMS_FINA_Mobile/FINA_Billing/FINA_Billing_Sudah Dibayar'

2022-06-27 10:50:12 - [MESSAGE][WARNING] - Timeout '0' is invalid. Using default page load timeout: '30'

2022-06-27 10:50:14 - [MESSAGE][PASSED] - Tapped on element 'Object Repository/DMS_FINA_Mobile/FINA_Billing/FINA_Billing_Sudah Dibayar'

2022-06-27 10:50:14 - [TEST_STEP][PASSED] - delay(2): Delayed 2 second(s)

2022-06-27 10:50:16 - [MESSAGE][PASSED] - Delayed 2 second(s)

2022-06-27 10:50:16 - [TEST_STEP][PASSED] - takeScreenshotAsCheckpoint(baseDir + sspathasuransicakpro + "skenario-12.11-list billing sudah dibayar" + ".png", STOP_ON_FAILURE): Screenshot is taken

2022-06-27 10:50:18 - [MESSAGE][INFO] - 0 hidden object(s)

2022-06-27 10:50:18 - [MESSAGE][PASSED] - Screenshot is taken
[[ATTACHMENT|C:\Users\Nia Yusniati\Git_Asa\katalon-fina\Screenshots\mobile\cakpro\keyes\keyes-skenario-12.11-list billing sudah dibayar.png]]

2022-06-27 10:50:18 - [TEST_STEP][PASSED] - tap(findTestObject("DMS_FINA_Mobile/FINA_Billing/FINA_Billing_Belum Dibayar"), 0): Tapped on element 'Object Repository/DMS_FINA_Mobile/FINA_Billing/FINA_Billing_Belum Dibayar'

2022-06-27 10:50:18 - [MESSAGE][WARNING] - Timeout '0' is invalid. Using default page load timeout: '30'

2022-06-27 10:50:20 - [MESSAGE][PASSED] - Tapped on element 'Object Repository/DMS_FINA_Mobile/FINA_Billing/FINA_Billing_Belum Dibayar'

2022-06-27 10:50:20 - [TEST_STEP][PASSED] - tap(findTestObject("DMS_FINA_Mobile/FINA_Billing/FINA_Billing_List1_Button"), 0): Tapped on element 'Object Repository/DMS_FINA_Mobile/FINA_Billing/FINA_Billing_List1_Button'

2022-06-27 10:50:20 - [MESSAGE][WARNING] - Timeout '0' is invalid. Using default page load timeout: '30'

2022-06-27 10:50:22 - [MESSAGE][PASSED] - Tapped on element 'Object Repository/DMS_FINA_Mobile/FINA_Billing/FINA_Billing_List1_Button'

2022-06-27 10:50:22 - [TEST_STEP][PASSED] - delay(20): Delayed 20 second(s)

2022-06-27 10:50:42 - [MESSAGE][PASSED] - Delayed 20 second(s)

2022-06-27 10:50:42 - [TEST_STEP][PASSED] - takeScreenshotAsCheckpoint(baseDir + sspathasuransicakpro + "skenario-12.12-detail billing belum dibayar" + ".png", STOP_ON_FAILURE): Screenshot is taken

2022-06-27 10:50:44 - [MESSAGE][INFO] - 0 hidden object(s)

2022-06-27 10:50:44 - [MESSAGE][PASSED] - Screenshot is taken
[[ATTACHMENT|C:\Users\Nia Yusniati\Git_Asa\katalon-fina\Screenshots\mobile\cakpro\keyes\keyes-skenario-12.12-detail billing belum dibayar.png]]

2022-06-27 10:50:44 - [TEST_STEP][PASSED] - tap(findTestObject("DMS_FINA_Mobile/FINA_Billing/FINA_Billing_Email_Button"), 0): Tapped on element 'Object Repository/DMS_FINA_Mobile/FINA_Billing/FINA_Billing_Email_Button'

2022-06-27 10:50:44 - [MESSAGE][WARNING] - Timeout '0' is invalid. Using default page load timeout: '30'

2022-06-27 10:50:46 - [MESSAGE][PASSED] - Tapped on element 'Object Repository/DMS_FINA_Mobile/FINA_Billing/FINA_Billing_Email_Button'

2022-06-27 10:50:46 - [TEST_STEP][PASSED] - delay(2): Delayed 2 second(s)

2022-06-27 10:50:48 - [MESSAGE][PASSED] - Delayed 2 second(s)

2022-06-27 10:50:48 - [TEST_STEP][PASSED] - takeScreenshotAsCheckpoint(baseDir + sspathasuransicakpro + "skenario-12.13-kirim email billing" + ".png", STOP_ON_FAILURE): Screenshot is taken

2022-06-27 10:50:50 - [MESSAGE][INFO] - 0 hidden object(s)

2022-06-27 10:50:51 - [MESSAGE][PASSED] - Screenshot is taken
[[ATTACHMENT|C:\Users\Nia Yusniati\Git_Asa\katalon-fina\Screenshots\mobile\cakpro\keyes\keyes-skenario-12.13-kirim email billing.png]]

2022-06-27 10:50:51 - [TEST_STEP][PASSED] - tap(findTestObject("DMS_FINA_Mobile/FINA_Billing/FINA_Billing_Kirim_email_Button"), 0): Tapped on element 'Object Repository/DMS_FINA_Mobile/FINA_Billing/FINA_Billing_Kirim_email_Button'

2022-06-27 10:50:51 - [MESSAGE][WARNING] - Timeout '0' is invalid. Using default page load timeout: '30'

2022-06-27 10:50:51 - [MESSAGE][PASSED] - Tapped on element 'Object Repository/DMS_FINA_Mobile/FINA_Billing/FINA_Billing_Kirim_email_Button'

2022-06-27 10:50:51 - [TEST_STEP][PASSED] - delay(9): Delayed 9 second(s)

2022-06-27 10:51:00 - [MESSAGE][PASSED] - Delayed 9 second(s)

2022-06-27 10:51:00 - [TEST_STEP][PASSED] - takeScreenshotAsCheckpoint(baseDir + sspathasuransicakpro + "skenario-12.14-dokumen terkirim" + ".png", STOP_ON_FAILURE): Screenshot is taken

2022-06-27 10:51:02 - [MESSAGE][INFO] - 0 hidden object(s)

2022-06-27 10:51:02 - [MESSAGE][PASSED] - Screenshot is taken
[[ATTACHMENT|C:\Users\Nia Yusniati\Git_Asa\katalon-fina\Screenshots\mobile\cakpro\keyes\keyes-skenario-12.14-dokumen terkirim.png]]

2022-06-27 10:51:02 - [TEST_STEP][NOT_RUN] - tap(findTestObject("DMS_FINA_Mobile/FINA_Billing/FINA_Billing_Download_Button"), 0): NOT_RUN: tap(findTestObject("DMS_FINA_Mobile/FINA_Billing/FINA_Billing_Download_Button"), 0)

2022-06-27 10:51:02 - [MESSAGE][NOT_RUN] - NOT_RUN: tap(findTestObject("DMS_FINA_Mobile/FINA_Billing/FINA_Billing_Download_Button"), 0)

2022-06-27 10:51:02 - [TEST_STEP][NOT_RUN] - delay(5): NOT_RUN: delay(5)

2022-06-27 10:51:02 - [MESSAGE][NOT_RUN] - NOT_RUN: delay(5)

2022-06-27 10:51:02 - [TEST_STEP][NOT_RUN] - takeScreenshotAsCheckpoint(baseDir + sspathasuransicakpro + "skenario-12.15-dokumen tersimpan" + ".png", STOP_ON_FAILURE): NOT_RUN: takeScreenshotAsCheckpoint(baseDir + sspathasuransicakpro + "skenario-12.15-dokumen tersimpan" + ".png", STOP_ON_FAILURE)

2022-06-27 10:51:02 - [MESSAGE][NOT_RUN] - NOT_RUN: takeScreenshotAsCheckpoint(baseDir + sspathasuransicakpro + "skenario-12.15-dokumen tersimpan" + ".png", STOP_ON_FAILURE)

2022-06-27 10:51:02 - [TEST_STEP][NOT_RUN] - tap(findTestObject("DMS_FINA_Mobile/FINA_Billing/android_Save Doc_Button"), 0): NOT_RUN: tap(findTestObject("DMS_FINA_Mobile/FINA_Billing/android_Save Doc_Button"), 0)

2022-06-27 10:51:02 - [MESSAGE][NOT_RUN] - NOT_RUN: tap(findTestObject("DMS_FINA_Mobile/FINA_Billing/android_Save Doc_Button"), 0)

2022-06-27 10:51:02 - [TEST_STEP][PASSED] - pressBack(): Press back button successfully

2022-06-27 10:51:03 - [MESSAGE][PASSED] - Press back button successfully

2022-06-27 10:51:03 - [TEST_STEP][PASSED] - pressBack(): Press back button successfully

2022-06-27 10:51:04 - [MESSAGE][PASSED] - Press back button successfully

2022-06-27 10:51:04 - [TEST_STEP][PASSED] - Account = findElement(findTestObject("Object Repository/DMS_FINA_Mobile/FINA_BottomNav_Account_Button"), 10): null

2022-06-27 10:51:07 - [TEST_STEP][PASSED] - Account.click(): null

2022-06-27 10:51:09 - [TEST_STEP][PASSED] - delay(5): Delayed 5 second(s)

2022-06-27 10:51:14 - [MESSAGE][PASSED] - Delayed 5 second(s)]]></system-out>
         <system-err><![CDATA[]]></system-err>
      </testcase>
      <system-out><![CDATA[2022-06-27 10:48:29 - [TEST_SUITE][PASSED] - 3. Login - cek billing: Test Cases/DMS_Renewal dan Upgrade Asuransi Aswata/Matriks 9.12/12.4. Billing belum dibayar]]></system-out>
      <system-err><![CDATA[]]></system-err>
   </testsuite>
</testsuites>
