<?xml version="1.0" encoding="UTF-8"?>
<testsuites name="3. Login - billing belum dibayar" time="162.645" tests="2" failures="0" errors="0">
   <testsuite name="3. Login - billing belum dibayar" tests="2" failures="0" errors="0" time="162.645" skipped="0" timestamp="2022-06-28 13:33:28" hostname="Nia Yusniati - Apandi.mshome.net" id="Test Suites/Upgrade - renewal FINA - Aswata/4/3. Login - billing belum dibayar">
      <properties>
         <property name="deviceName" value="samsung SM-M315F (Android 11)"/>
         <property name="devicePlatform" value=""/>
         <property name="logFolder" value="C:\\Users\\Nia Yusniati\\Git_Asa\\katalon-fina\\Reports\\20220628_133315\\Upgrade - renewal FINA - Aswata\\4\\3. Login - billing belum dibayar\\20220628_133315"/>
         <property name="logFiles" value="C:\\Users\\Nia Yusniati\\Git_Asa\\katalon-fina\\Reports\\20220628_133315\\Upgrade - renewal FINA - Aswata\\4\\3. Login - billing belum dibayar\\20220628_133315\\appium.log, C:\\Users\\Nia Yusniati\\Git_Asa\\katalon-fina\\Reports\\20220628_133315\\Upgrade - renewal FINA - Aswata\\4\\3. Login - billing belum dibayar\\20220628_133315\\execution0.log"/>
         <property name="attachments" value="C:\Users\Nia Yusniati\Git_Asa\katalon-fina\Screenshots\mobile\cakpro\keyes\keyes-skenario-4.1-input username dan password.png, C:\Users\Nia Yusniati\Git_Asa\katalon-fina\Screenshots\mobile\cakpro\keyes\keyes-skenario-4.2-berhasil login.png, C:\Users\Nia Yusniati\Git_Asa\katalon-fina\Screenshots\mobile\cakpro\keyes\keyes-skenario-4.10-list billing belum dibayar.png, C:\Users\Nia Yusniati\Git_Asa\katalon-fina\Screenshots\mobile\cakpro\keyes\keyes-skenario-4.11-list billing sudah dibayar.png, C:\Users\Nia Yusniati\Git_Asa\katalon-fina\Screenshots\mobile\cakpro\keyes\keyes-skenario-4.12-detail billing belum dibayar.png, C:\Users\Nia Yusniati\Git_Asa\katalon-fina\Screenshots\mobile\cakpro\keyes\keyes-skenario-4.13-kirim email billing.png, C:\Users\Nia Yusniati\Git_Asa\katalon-fina\Screenshots\mobile\cakpro\keyes\keyes-skenario-4.14-dokumen terkirim.png"/>
         <property name="hostName" value="Nia Yusniati - Apandi.mshome.net"/>
         <property name="os" value="Windows 10 64bit"/>
         <property name="appiumServerStatus" value="{&quot;value&quot;:{&quot;build&quot;:{&quot;version&quot;:&quot;1.22.2&quot;}},&quot;sessionId&quot;:null,&quot;status&quot;:0}"/>
         <property name="katalonVersion" value="8.1.0.208"/>
         <property name="deviceOS" value="Android"/>
         <property name="appiumVersion" value="1.22.2"/>
         <property name="deviceModel" value="SM-M315F"/>
         <property name="hostAddress" value="192.168.137.70"/>
         <property name="deviceManufacturer" value="samsung"/>
         <property name="deviceId" value="RR8N605F11Y"/>
         <property name="deviceName" value="samsung SM-M315F (Android 11)"/>
         <property name="deviceOSVersion" value="11"/>
      </properties>
      <testcase name="Test Cases/DMS_Renewal dan Upgrade Asuransi Aswata/Matriks 4/4.1. Login - konsumen" time="53.436" classname="Test Cases/DMS_Renewal dan Upgrade Asuransi Aswata/Matriks 4/4.1. Login - konsumen" status="PASSED">
         <system-out><![CDATA[2022-06-28 13:33:29 - [TEST_CASE][PASSED] - Test Cases/DMS_Renewal dan Upgrade Asuransi Aswata/Matriks 4/4.1. Login - konsumen: Test Cases/DMS_Renewal dan Upgrade Asuransi Aswata/Matriks 4/4.1. Login - konsumen

2022-06-28 13:33:30 - [TEST_STEP][PASSED] - baseDir = System.getProperty("user.dir"): null

2022-06-28 13:33:30 - [TEST_STEP][PASSED] - startExistingApplication("com.vq.mbrochuregp.client.android", STOP_ON_FAILURE): Starting app with application ID: 'com.vq.mbrochuregp.client.android'

2022-06-28 13:33:34 - [MESSAGE][INFO] - Appium server started on port 54,530

2022-06-28 13:33:48 - [MESSAGE][PASSED] - Starting app with application ID: 'com.vq.mbrochuregp.client.android'

2022-06-28 13:33:48 - [TEST_STEP][PASSED] - delay(8): Delayed 8 second(s)

2022-06-28 13:33:56 - [MESSAGE][PASSED] - Delayed 8 second(s)

2022-06-28 13:33:56 - [TEST_STEP][PASSED] - element = findElement(findTestObject("DMS_FINA_Mobile/FINA_BottomNav_Account_Button"), 10): null

2022-06-28 13:33:57 - [TEST_STEP][PASSED] - element.click(): null

2022-06-28 13:33:57 - [TEST_STEP][PASSED] - setText(findTestObject("DMS_FINA_Mobile/FINA_Login/Login_Text"), findTestData("DMS_Asr_Cakpro").getObjectValue("Login", 16), 0): Text 'zoni@mailinator.com' has been set to element 'Object Repository/DMS_FINA_Mobile/FINA_Login/Login_Text'

2022-06-28 13:33:59 - [MESSAGE][WARNING] - Timeout '0' is invalid. Using default page load timeout: '30'

2022-06-28 13:34:00 - [MESSAGE][PASSED] - Text 'zoni@mailinator.com' has been set to element 'Object Repository/DMS_FINA_Mobile/FINA_Login/Login_Text'

2022-06-28 13:34:00 - [TEST_STEP][PASSED] - setText(findTestObject("DMS_FINA_Mobile/FINA_Login/Login_Password_Text"), findTestData("DMS_Asr_Cakpro").getObjectValue("Pass", 16), 0): Text '123abc' has been set to element 'Object Repository/DMS_FINA_Mobile/FINA_Login/Login_Password_Text'

2022-06-28 13:34:00 - [MESSAGE][WARNING] - Timeout '0' is invalid. Using default page load timeout: '30'

2022-06-28 13:34:01 - [MESSAGE][PASSED] - Text '123abc' has been set to element 'Object Repository/DMS_FINA_Mobile/FINA_Login/Login_Password_Text'

2022-06-28 13:34:01 - [TEST_STEP][PASSED] - takeScreenshotAsCheckpoint(baseDir + sspathasuransicakpro + "skenario-4.1-input username dan password" + ".png", STOP_ON_FAILURE): Screenshot is taken

2022-06-28 13:34:04 - [MESSAGE][INFO] - 0 hidden object(s)

2022-06-28 13:34:05 - [MESSAGE][PASSED] - Screenshot is taken
[[ATTACHMENT|C:\Users\Nia Yusniati\Git_Asa\katalon-fina\Screenshots\mobile\cakpro\keyes\keyes-skenario-4.1-input username dan password.png]]

2022-06-28 13:34:05 - [TEST_STEP][PASSED] - tap(findTestObject("DMS_FINA_Mobile/FINA_Login/FINA_Login_Button"), 0): Tapped on element 'Object Repository/DMS_FINA_Mobile/FINA_Login/FINA_Login_Button'

2022-06-28 13:34:05 - [MESSAGE][WARNING] - Timeout '0' is invalid. Using default page load timeout: '30'

2022-06-28 13:34:05 - [MESSAGE][PASSED] - Tapped on element 'Object Repository/DMS_FINA_Mobile/FINA_Login/FINA_Login_Button'

2022-06-28 13:34:05 - [TEST_STEP][PASSED] - delay(5, STOP_ON_FAILURE): Delayed 5 second(s)

2022-06-28 13:34:11 - [MESSAGE][PASSED] - Delayed 5 second(s)

2022-06-28 13:34:11 - [TEST_STEP][PASSED] - scrollToText("Suku Bunga", STOP_ON_FAILURE): Scrolling to text 'Suku Bunga' successfully

2022-06-28 13:34:16 - [MESSAGE][PASSED] - Scrolling to text 'Suku Bunga' successfully

2022-06-28 13:34:16 - [TEST_STEP][PASSED] - elementAccount = findElement(findTestObject("DMS_FINA_Mobile/FINA_BottomNav_Account_Button"), 10): null

2022-06-28 13:34:17 - [TEST_STEP][PASSED] - elementAccount.click(): null

2022-06-28 13:34:17 - [TEST_STEP][PASSED] - delay(2): Delayed 2 second(s)

2022-06-28 13:34:19 - [MESSAGE][PASSED] - Delayed 2 second(s)

2022-06-28 13:34:19 - [TEST_STEP][PASSED] - takeScreenshotAsCheckpoint(baseDir + sspathasuransicakpro + "skenario-4.2-berhasil login" + ".png", STOP_ON_FAILURE): Screenshot is taken

2022-06-28 13:34:21 - [MESSAGE][INFO] - 0 hidden object(s)

2022-06-28 13:34:21 - [MESSAGE][PASSED] - Screenshot is taken
[[ATTACHMENT|C:\Users\Nia Yusniati\Git_Asa\katalon-fina\Screenshots\mobile\cakpro\keyes\keyes-skenario-4.2-berhasil login.png]]

2022-06-28 13:34:21 - [TEST_STEP][PASSED] - elementHome = findElement(findTestObject("DMS_FINA_Mobile/FINA_BottomNav_Home_Button"), 10): null

2022-06-28 13:34:22 - [TEST_STEP][PASSED] - elementHome.click(): null]]></system-out>
         <system-err><![CDATA[]]></system-err>
      </testcase>
      <testcase name="Test Cases/DMS_Renewal dan Upgrade Asuransi Aswata/Matriks 4/4.4. Billing belum dibayar" time="107.236" classname="Test Cases/DMS_Renewal dan Upgrade Asuransi Aswata/Matriks 4/4.4. Billing belum dibayar" status="PASSED">
         <system-out><![CDATA[2022-06-28 13:34:22 - [TEST_CASE][PASSED] - Test Cases/DMS_Renewal dan Upgrade Asuransi Aswata/Matriks 4/4.4. Billing belum dibayar: Test Cases/DMS_Renewal dan Upgrade Asuransi Aswata/Matriks 4/4.4. Billing belum dibayar

2022-06-28 13:34:23 - [TEST_STEP][PASSED] - baseDir = System.getProperty("user.dir"): null

2022-06-28 13:34:23 - [TEST_STEP][PASSED] - startExistingApplication("com.vq.mbrochuregp.client.android", STOP_ON_FAILURE): Starting app with application ID: 'com.vq.mbrochuregp.client.android'

2022-06-28 13:34:34 - [MESSAGE][PASSED] - Starting app with application ID: 'com.vq.mbrochuregp.client.android'

2022-06-28 13:34:34 - [TEST_STEP][PASSED] - delay(8): Delayed 8 second(s)

2022-06-28 13:34:42 - [MESSAGE][PASSED] - Delayed 8 second(s)

2022-06-28 13:34:42 - [TEST_STEP][PASSED] - pressBack(): Press back button successfully

2022-06-28 13:34:43 - [MESSAGE][PASSED] - Press back button successfully

2022-06-28 13:34:43 - [TEST_STEP][PASSED] - tap(findTestObject("DMS_FINA_Mobile/FINA_Login/android.widget.Button - TIDAK"), 0): Tapped on element 'Object Repository/DMS_FINA_Mobile/FINA_Login/android.widget.Button - TIDAK'

2022-06-28 13:34:43 - [MESSAGE][WARNING] - Timeout '0' is invalid. Using default page load timeout: '30'

2022-06-28 13:34:46 - [MESSAGE][PASSED] - Tapped on element 'Object Repository/DMS_FINA_Mobile/FINA_Login/android.widget.Button - TIDAK'

2022-06-28 13:34:46 - [TEST_STEP][PASSED] - tap(findTestObject("DMS_FINA_Mobile/FINA_BottomNav_Billing_Button"), 0): Tapped on element 'Object Repository/DMS_FINA_Mobile/FINA_BottomNav_Billing_Button'

2022-06-28 13:34:46 - [MESSAGE][WARNING] - Timeout '0' is invalid. Using default page load timeout: '30'

2022-06-28 13:34:47 - [MESSAGE][PASSED] - Tapped on element 'Object Repository/DMS_FINA_Mobile/FINA_BottomNav_Billing_Button'

2022-06-28 13:34:47 - [TEST_STEP][PASSED] - delay(20): Delayed 20 second(s)

2022-06-28 13:35:07 - [MESSAGE][PASSED] - Delayed 20 second(s)

2022-06-28 13:35:07 - [TEST_STEP][PASSED] - takeScreenshotAsCheckpoint(baseDir + sspathasuransicakpro + "skenario-4.10-list billing belum dibayar" + ".png", STOP_ON_FAILURE): Screenshot is taken

2022-06-28 13:35:09 - [MESSAGE][INFO] - 0 hidden object(s)

2022-06-28 13:35:09 - [MESSAGE][PASSED] - Screenshot is taken
[[ATTACHMENT|C:\Users\Nia Yusniati\Git_Asa\katalon-fina\Screenshots\mobile\cakpro\keyes\keyes-skenario-4.10-list billing belum dibayar.png]]

2022-06-28 13:35:09 - [TEST_STEP][PASSED] - tap(findTestObject("DMS_FINA_Mobile/FINA_Billing/FINA_Billing_Sudah Dibayar"), 0): Tapped on element 'Object Repository/DMS_FINA_Mobile/FINA_Billing/FINA_Billing_Sudah Dibayar'

2022-06-28 13:35:09 - [MESSAGE][WARNING] - Timeout '0' is invalid. Using default page load timeout: '30'

2022-06-28 13:35:11 - [MESSAGE][PASSED] - Tapped on element 'Object Repository/DMS_FINA_Mobile/FINA_Billing/FINA_Billing_Sudah Dibayar'

2022-06-28 13:35:11 - [TEST_STEP][PASSED] - delay(2): Delayed 2 second(s)

2022-06-28 13:35:13 - [MESSAGE][PASSED] - Delayed 2 second(s)

2022-06-28 13:35:13 - [TEST_STEP][PASSED] - takeScreenshotAsCheckpoint(baseDir + sspathasuransicakpro + "skenario-4.11-list billing sudah dibayar" + ".png", STOP_ON_FAILURE): Screenshot is taken

2022-06-28 13:35:15 - [MESSAGE][INFO] - 0 hidden object(s)

2022-06-28 13:35:15 - [MESSAGE][PASSED] - Screenshot is taken
[[ATTACHMENT|C:\Users\Nia Yusniati\Git_Asa\katalon-fina\Screenshots\mobile\cakpro\keyes\keyes-skenario-4.11-list billing sudah dibayar.png]]

2022-06-28 13:35:15 - [TEST_STEP][PASSED] - tap(findTestObject("DMS_FINA_Mobile/FINA_Billing/FINA_Billing_Belum Dibayar"), 0): Tapped on element 'Object Repository/DMS_FINA_Mobile/FINA_Billing/FINA_Billing_Belum Dibayar'

2022-06-28 13:35:15 - [MESSAGE][WARNING] - Timeout '0' is invalid. Using default page load timeout: '30'

2022-06-28 13:35:17 - [MESSAGE][PASSED] - Tapped on element 'Object Repository/DMS_FINA_Mobile/FINA_Billing/FINA_Billing_Belum Dibayar'

2022-06-28 13:35:17 - [TEST_STEP][PASSED] - tap(findTestObject("DMS_FINA_Mobile/FINA_Billing/FINA_Billing_List1_Button"), 0): Tapped on element 'Object Repository/DMS_FINA_Mobile/FINA_Billing/FINA_Billing_List1_Button'

2022-06-28 13:35:17 - [MESSAGE][WARNING] - Timeout '0' is invalid. Using default page load timeout: '30'

2022-06-28 13:35:19 - [MESSAGE][PASSED] - Tapped on element 'Object Repository/DMS_FINA_Mobile/FINA_Billing/FINA_Billing_List1_Button'

2022-06-28 13:35:19 - [TEST_STEP][PASSED] - delay(20): Delayed 20 second(s)

2022-06-28 13:35:39 - [MESSAGE][PASSED] - Delayed 20 second(s)

2022-06-28 13:35:39 - [TEST_STEP][PASSED] - takeScreenshotAsCheckpoint(baseDir + sspathasuransicakpro + "skenario-4.12-detail billing belum dibayar" + ".png", STOP_ON_FAILURE): Screenshot is taken

2022-06-28 13:35:41 - [MESSAGE][INFO] - 0 hidden object(s)

2022-06-28 13:35:41 - [MESSAGE][PASSED] - Screenshot is taken
[[ATTACHMENT|C:\Users\Nia Yusniati\Git_Asa\katalon-fina\Screenshots\mobile\cakpro\keyes\keyes-skenario-4.12-detail billing belum dibayar.png]]

2022-06-28 13:35:41 - [TEST_STEP][PASSED] - tap(findTestObject("DMS_FINA_Mobile/FINA_Billing/FINA_Billing_Email_Button"), 0): Tapped on element 'Object Repository/DMS_FINA_Mobile/FINA_Billing/FINA_Billing_Email_Button'

2022-06-28 13:35:41 - [MESSAGE][WARNING] - Timeout '0' is invalid. Using default page load timeout: '30'

2022-06-28 13:35:42 - [MESSAGE][PASSED] - Tapped on element 'Object Repository/DMS_FINA_Mobile/FINA_Billing/FINA_Billing_Email_Button'

2022-06-28 13:35:42 - [TEST_STEP][PASSED] - delay(2): Delayed 2 second(s)

2022-06-28 13:35:44 - [MESSAGE][PASSED] - Delayed 2 second(s)

2022-06-28 13:35:44 - [TEST_STEP][PASSED] - takeScreenshotAsCheckpoint(baseDir + sspathasuransicakpro + "skenario-4.13-kirim email billing" + ".png", STOP_ON_FAILURE): Screenshot is taken

2022-06-28 13:35:46 - [MESSAGE][INFO] - 0 hidden object(s)

2022-06-28 13:35:46 - [MESSAGE][PASSED] - Screenshot is taken
[[ATTACHMENT|C:\Users\Nia Yusniati\Git_Asa\katalon-fina\Screenshots\mobile\cakpro\keyes\keyes-skenario-4.13-kirim email billing.png]]

2022-06-28 13:35:47 - [TEST_STEP][PASSED] - tap(findTestObject("DMS_FINA_Mobile/FINA_Billing/FINA_Billing_Kirim_email_Button"), 0): Tapped on element 'Object Repository/DMS_FINA_Mobile/FINA_Billing/FINA_Billing_Kirim_email_Button'

2022-06-28 13:35:47 - [MESSAGE][WARNING] - Timeout '0' is invalid. Using default page load timeout: '30'

2022-06-28 13:35:47 - [MESSAGE][PASSED] - Tapped on element 'Object Repository/DMS_FINA_Mobile/FINA_Billing/FINA_Billing_Kirim_email_Button'

2022-06-28 13:35:47 - [TEST_STEP][PASSED] - delay(9): Delayed 9 second(s)

2022-06-28 13:35:56 - [MESSAGE][PASSED] - Delayed 9 second(s)

2022-06-28 13:35:56 - [TEST_STEP][PASSED] - takeScreenshotAsCheckpoint(baseDir + sspathasuransicakpro + "skenario-4.14-dokumen terkirim" + ".png", STOP_ON_FAILURE): Screenshot is taken

2022-06-28 13:35:58 - [MESSAGE][INFO] - 0 hidden object(s)

2022-06-28 13:35:58 - [MESSAGE][PASSED] - Screenshot is taken
[[ATTACHMENT|C:\Users\Nia Yusniati\Git_Asa\katalon-fina\Screenshots\mobile\cakpro\keyes\keyes-skenario-4.14-dokumen terkirim.png]]

2022-06-28 13:35:58 - [TEST_STEP][NOT_RUN] - tap(findTestObject("DMS_FINA_Mobile/FINA_Billing/FINA_Billing_Download_Button"), 0): NOT_RUN: tap(findTestObject("DMS_FINA_Mobile/FINA_Billing/FINA_Billing_Download_Button"), 0)

2022-06-28 13:35:58 - [MESSAGE][NOT_RUN] - NOT_RUN: tap(findTestObject("DMS_FINA_Mobile/FINA_Billing/FINA_Billing_Download_Button"), 0)

2022-06-28 13:35:58 - [TEST_STEP][NOT_RUN] - delay(5): NOT_RUN: delay(5)

2022-06-28 13:35:58 - [MESSAGE][NOT_RUN] - NOT_RUN: delay(5)

2022-06-28 13:35:58 - [TEST_STEP][NOT_RUN] - takeScreenshotAsCheckpoint(baseDir + sspathasuransicakpro + "skenario-4.15-dokumen tersimpan" + ".png", STOP_ON_FAILURE): NOT_RUN: takeScreenshotAsCheckpoint(baseDir + sspathasuransicakpro + "skenario-4.15-dokumen tersimpan" + ".png", STOP_ON_FAILURE)

2022-06-28 13:35:58 - [MESSAGE][NOT_RUN] - NOT_RUN: takeScreenshotAsCheckpoint(baseDir + sspathasuransicakpro + "skenario-4.15-dokumen tersimpan" + ".png", STOP_ON_FAILURE)

2022-06-28 13:35:58 - [TEST_STEP][NOT_RUN] - tap(findTestObject("DMS_FINA_Mobile/FINA_Billing/android_Save Doc_Button"), 0): NOT_RUN: tap(findTestObject("DMS_FINA_Mobile/FINA_Billing/android_Save Doc_Button"), 0)

2022-06-28 13:35:58 - [MESSAGE][NOT_RUN] - NOT_RUN: tap(findTestObject("DMS_FINA_Mobile/FINA_Billing/android_Save Doc_Button"), 0)

2022-06-28 13:35:58 - [TEST_STEP][PASSED] - pressBack(): Press back button successfully

2022-06-28 13:35:59 - [MESSAGE][PASSED] - Press back button successfully

2022-06-28 13:35:59 - [TEST_STEP][PASSED] - pressBack(): Press back button successfully

2022-06-28 13:36:00 - [MESSAGE][PASSED] - Press back button successfully

2022-06-28 13:36:00 - [TEST_STEP][PASSED] - Account = findElement(findTestObject("Object Repository/DMS_FINA_Mobile/FINA_BottomNav_Account_Button"), 10): null

2022-06-28 13:36:03 - [TEST_STEP][PASSED] - Account.click(): null

2022-06-28 13:36:04 - [TEST_STEP][PASSED] - delay(5): Delayed 5 second(s)

2022-06-28 13:36:09 - [MESSAGE][PASSED] - Delayed 5 second(s)]]></system-out>
         <system-err><![CDATA[]]></system-err>
      </testcase>
      <system-out><![CDATA[2022-06-28 13:33:28 - [TEST_SUITE][PASSED] - 3. Login - billing belum dibayar: Test Cases/DMS_Renewal dan Upgrade Asuransi Aswata/Matriks 4/4.4. Billing belum dibayar]]></system-out>
      <system-err><![CDATA[]]></system-err>
   </testsuite>
</testsuites>
