<?xml version="1.0" encoding="UTF-8"?>
<testsuites name="1. Login - submit" time="172.647" tests="2" failures="0" errors="0">
   <testsuite name="1. Login - submit" tests="2" failures="0" errors="0" time="172.647" skipped="0" timestamp="2022-06-27 09:47:41" hostname="Nia Yusniati - Apandi.mshome.net" id="Test Suites/Upgrade - renewal FINA - Aswata/9.14/1. Login - submit">
      <properties>
         <property name="deviceName" value="samsung SM-M315F (Android 11)"/>
         <property name="devicePlatform" value=""/>
         <property name="logFolder" value="C:\\Users\\Nia Yusniati\\Git_Asa\\katalon-fina\\Reports\\20220627_094723\\Upgrade - renewal FINA - Aswata\\9.14\\1. Login - submit\\20220627_094723"/>
         <property name="logFiles" value="C:\\Users\\Nia Yusniati\\Git_Asa\\katalon-fina\\Reports\\20220627_094723\\Upgrade - renewal FINA - Aswata\\9.14\\1. Login - submit\\20220627_094723\\appium.log, C:\\Users\\Nia Yusniati\\Git_Asa\\katalon-fina\\Reports\\20220627_094723\\Upgrade - renewal FINA - Aswata\\9.14\\1. Login - submit\\20220627_094723\\execution0.log"/>
         <property name="attachments" value="C:\Users\Nia Yusniati\Git_Asa\katalon-fina\Screenshots\mobile\cakpro\keyes\keyes-skenario-14.1-input username dan password.png, C:\Users\Nia Yusniati\Git_Asa\katalon-fina\Screenshots\mobile\cakpro\keyes\keyes-skenario-14.2-berhasil login.png, C:\Users\Nia Yusniati\Git_Asa\katalon-fina\Screenshots\mobile\cakpro\keyes\keyes-skenario-14.3-list kendaraan.png, C:\Users\Nia Yusniati\Git_Asa\katalon-fina\Screenshots\mobile\cakpro\keyes\keyes-skenario-14.4-submit renewal.png, C:\Users\Nia Yusniati\Git_Asa\katalon-fina\Screenshots\mobile\cakpro\keyes\keyes-skenario-14.5-konfirmasi renewal.png, C:\Users\Nia Yusniati\Git_Asa\katalon-fina\Screenshots\mobile\cakpro\keyes\keyes-skenario-14.6-berhasil submit renewal.png"/>
         <property name="hostName" value="Nia Yusniati - Apandi.mshome.net"/>
         <property name="os" value="Windows 10 64bit"/>
         <property name="appiumServerStatus" value="{&quot;value&quot;:{&quot;build&quot;:{&quot;version&quot;:&quot;1.22.2&quot;}},&quot;sessionId&quot;:null,&quot;status&quot;:0}"/>
         <property name="katalonVersion" value="8.1.0.208"/>
         <property name="deviceOS" value="Android"/>
         <property name="appiumVersion" value="1.22.2"/>
         <property name="deviceModel" value="SM-M315F"/>
         <property name="hostAddress" value="192.168.137.70"/>
         <property name="deviceManufacturer" value="samsung"/>
         <property name="deviceId" value="RR8N605F11Y"/>
         <property name="deviceName" value="samsung SM-M315F (Android 11)"/>
         <property name="deviceOSVersion" value="11"/>
      </properties>
      <testcase name="Test Cases/DMS_Renewal dan Upgrade Asuransi Aswata/Matriks 9.14/14.1. Login - konsumen" time="56.039" classname="Test Cases/DMS_Renewal dan Upgrade Asuransi Aswata/Matriks 9.14/14.1. Login - konsumen" status="PASSED">
         <system-out><![CDATA[2022-06-27 09:47:42 - [TEST_CASE][PASSED] - Test Cases/DMS_Renewal dan Upgrade Asuransi Aswata/Matriks 9.14/14.1. Login - konsumen: Test Cases/DMS_Renewal dan Upgrade Asuransi Aswata/Matriks 9.14/14.1. Login - konsumen

2022-06-27 09:47:43 - [TEST_STEP][PASSED] - baseDir = System.getProperty("user.dir"): null

2022-06-27 09:47:43 - [TEST_STEP][PASSED] - startExistingApplication("com.vq.mbrochuregp.client.android", STOP_ON_FAILURE): Starting app with application ID: 'com.vq.mbrochuregp.client.android'

2022-06-27 09:47:48 - [MESSAGE][INFO] - Appium server started on port 50,868

2022-06-27 09:48:04 - [MESSAGE][PASSED] - Starting app with application ID: 'com.vq.mbrochuregp.client.android'

2022-06-27 09:48:04 - [TEST_STEP][PASSED] - delay(8): Delayed 8 second(s)

2022-06-27 09:48:12 - [MESSAGE][PASSED] - Delayed 8 second(s)

2022-06-27 09:48:12 - [TEST_STEP][PASSED] - element = findElement(findTestObject("DMS_FINA_Mobile/FINA_BottomNav_Account_Button"), 10): null

2022-06-27 09:48:13 - [TEST_STEP][PASSED] - element.click(): null

2022-06-27 09:48:13 - [TEST_STEP][PASSED] - setText(findTestObject("DMS_FINA_Mobile/FINA_Login/Login_Text"), findTestData("DMS_Asr_Cakpro").getObjectValue("Login", 61), 0): Text 'luknul@mailinator.com' has been set to element 'Object Repository/DMS_FINA_Mobile/FINA_Login/Login_Text'

2022-06-27 09:48:15 - [MESSAGE][WARNING] - Timeout '0' is invalid. Using default page load timeout: '30'

2022-06-27 09:48:16 - [MESSAGE][PASSED] - Text 'luknul@mailinator.com' has been set to element 'Object Repository/DMS_FINA_Mobile/FINA_Login/Login_Text'

2022-06-27 09:48:16 - [TEST_STEP][PASSED] - setText(findTestObject("DMS_FINA_Mobile/FINA_Login/Login_Password_Text"), findTestData("DMS_Asr_Cakpro").getObjectValue("Pass", 61), 0): Text '123abc' has been set to element 'Object Repository/DMS_FINA_Mobile/FINA_Login/Login_Password_Text'

2022-06-27 09:48:16 - [MESSAGE][WARNING] - Timeout '0' is invalid. Using default page load timeout: '30'

2022-06-27 09:48:18 - [MESSAGE][PASSED] - Text '123abc' has been set to element 'Object Repository/DMS_FINA_Mobile/FINA_Login/Login_Password_Text'

2022-06-27 09:48:18 - [TEST_STEP][PASSED] - takeScreenshotAsCheckpoint(baseDir + sspathasuransicakpro + "skenario-14.1-input username dan password" + ".png", STOP_ON_FAILURE): Screenshot is taken

2022-06-27 09:48:22 - [MESSAGE][INFO] - 0 hidden object(s)

2022-06-27 09:48:22 - [MESSAGE][PASSED] - Screenshot is taken
[[ATTACHMENT|C:\Users\Nia Yusniati\Git_Asa\katalon-fina\Screenshots\mobile\cakpro\keyes\keyes-skenario-14.1-input username dan password.png]]

2022-06-27 09:48:22 - [TEST_STEP][PASSED] - tap(findTestObject("DMS_FINA_Mobile/FINA_Login/FINA_Login_Button"), 0): Tapped on element 'Object Repository/DMS_FINA_Mobile/FINA_Login/FINA_Login_Button'

2022-06-27 09:48:23 - [MESSAGE][WARNING] - Timeout '0' is invalid. Using default page load timeout: '30'

2022-06-27 09:48:23 - [MESSAGE][PASSED] - Tapped on element 'Object Repository/DMS_FINA_Mobile/FINA_Login/FINA_Login_Button'

2022-06-27 09:48:23 - [TEST_STEP][PASSED] - delay(0, STOP_ON_FAILURE): Delayed 0 second(s)

2022-06-27 09:48:23 - [MESSAGE][PASSED] - Delayed 0 second(s)

2022-06-27 09:48:23 - [TEST_STEP][PASSED] - scrollToText("Suku Bunga", STOP_ON_FAILURE): Scrolling to text 'Suku Bunga' successfully

2022-06-27 09:48:32 - [MESSAGE][PASSED] - Scrolling to text 'Suku Bunga' successfully

2022-06-27 09:48:32 - [TEST_STEP][PASSED] - elementAccount = findElement(findTestObject("DMS_FINA_Mobile/FINA_BottomNav_Account_Button"), 10): null

2022-06-27 09:48:33 - [TEST_STEP][PASSED] - elementAccount.click(): null

2022-06-27 09:48:33 - [TEST_STEP][PASSED] - delay(2): Delayed 2 second(s)

2022-06-27 09:48:35 - [MESSAGE][PASSED] - Delayed 2 second(s)

2022-06-27 09:48:35 - [TEST_STEP][PASSED] - takeScreenshotAsCheckpoint(baseDir + sspathasuransicakpro + "skenario-14.2-berhasil login" + ".png", STOP_ON_FAILURE): Screenshot is taken

2022-06-27 09:48:37 - [MESSAGE][INFO] - 0 hidden object(s)

2022-06-27 09:48:37 - [MESSAGE][PASSED] - Screenshot is taken
[[ATTACHMENT|C:\Users\Nia Yusniati\Git_Asa\katalon-fina\Screenshots\mobile\cakpro\keyes\keyes-skenario-14.2-berhasil login.png]]

2022-06-27 09:48:37 - [TEST_STEP][PASSED] - elementHome = findElement(findTestObject("DMS_FINA_Mobile/FINA_BottomNav_Home_Button"), 10): null

2022-06-27 09:48:38 - [TEST_STEP][PASSED] - elementHome.click(): null]]></system-out>
         <system-err><![CDATA[]]></system-err>
      </testcase>
      <testcase name="Test Cases/DMS_Renewal dan Upgrade Asuransi Aswata/Matriks 9.14/14.2. Renewal Asuransi" time="114.31" classname="Test Cases/DMS_Renewal dan Upgrade Asuransi Aswata/Matriks 9.14/14.2. Renewal Asuransi" status="PASSED">
         <system-out><![CDATA[2022-06-27 09:48:38 - [TEST_CASE][PASSED] - Test Cases/DMS_Renewal dan Upgrade Asuransi Aswata/Matriks 9.14/14.2. Renewal Asuransi: Test Cases/DMS_Renewal dan Upgrade Asuransi Aswata/Matriks 9.14/14.2. Renewal Asuransi

2022-06-27 09:48:39 - [TEST_STEP][PASSED] - baseDir = System.getProperty("user.dir"): null

2022-06-27 09:48:39 - [TEST_STEP][PASSED] - startExistingApplication("com.vq.mbrochuregp.client.android", STOP_ON_FAILURE): Starting app with application ID: 'com.vq.mbrochuregp.client.android'

2022-06-27 09:48:50 - [MESSAGE][PASSED] - Starting app with application ID: 'com.vq.mbrochuregp.client.android'

2022-06-27 09:48:50 - [TEST_STEP][PASSED] - delay(8): Delayed 8 second(s)

2022-06-27 09:48:58 - [MESSAGE][PASSED] - Delayed 8 second(s)

2022-06-27 09:48:58 - [TEST_STEP][PASSED] - pressBack(): Press back button successfully

2022-06-27 09:48:59 - [MESSAGE][PASSED] - Press back button successfully

2022-06-27 09:48:59 - [TEST_STEP][PASSED] - tap(findTestObject("DMS_FINA_Mobile/FINA_Login/android.widget.Button - TIDAK"), 0): Tapped on element 'Object Repository/DMS_FINA_Mobile/FINA_Login/android.widget.Button - TIDAK'

2022-06-27 09:48:59 - [MESSAGE][WARNING] - Timeout '0' is invalid. Using default page load timeout: '30'

2022-06-27 09:49:00 - [MESSAGE][PASSED] - Tapped on element 'Object Repository/DMS_FINA_Mobile/FINA_Login/android.widget.Button - TIDAK'

2022-06-27 09:49:00 - [TEST_STEP][PASSED] - tap(findTestObject("DMS_FINA_Mobile/FINA_Mobile_Main Menu/FINA_Menu_More_Button"), 0): Tapped on element 'Object Repository/DMS_FINA_Mobile/FINA_Mobile_Main Menu/FINA_Menu_More_Button'

2022-06-27 09:49:01 - [MESSAGE][WARNING] - Timeout '0' is invalid. Using default page load timeout: '30'

2022-06-27 09:49:01 - [MESSAGE][PASSED] - Tapped on element 'Object Repository/DMS_FINA_Mobile/FINA_Mobile_Main Menu/FINA_Menu_More_Button'

2022-06-27 09:49:01 - [TEST_STEP][PASSED] - tap(findTestObject("DMS_FINA_Mobile/FINA_Menu_More Menu/Features/FINA_More_RenewalAsr_Button"), 0): Tapped on element 'Object Repository/DMS_FINA_Mobile/FINA_Menu_More Menu/Features/FINA_More_RenewalAsr_Button'

2022-06-27 09:49:01 - [MESSAGE][WARNING] - Timeout '0' is invalid. Using default page load timeout: '30'

2022-06-27 09:49:02 - [MESSAGE][PASSED] - Tapped on element 'Object Repository/DMS_FINA_Mobile/FINA_Menu_More Menu/Features/FINA_More_RenewalAsr_Button'

2022-06-27 09:49:02 - [TEST_STEP][PASSED] - delay(30): Delayed 30 second(s)

2022-06-27 09:49:32 - [MESSAGE][PASSED] - Delayed 30 second(s)

2022-06-27 09:49:32 - [TEST_STEP][PASSED] - takeScreenshotAsCheckpoint(baseDir + sspathasuransicakpro + "skenario-14.3-list kendaraan" + ".png", STOP_ON_FAILURE): Screenshot is taken

2022-06-27 09:49:34 - [MESSAGE][INFO] - 0 hidden object(s)

2022-06-27 09:49:34 - [MESSAGE][PASSED] - Screenshot is taken
[[ATTACHMENT|C:\Users\Nia Yusniati\Git_Asa\katalon-fina\Screenshots\mobile\cakpro\keyes\keyes-skenario-14.3-list kendaraan.png]]

2022-06-27 09:49:34 - [TEST_STEP][PASSED] - tap(findTestObject("APN_Fina New Versi/List Data/Renewal 1-1"), 0): Tapped on element 'Object Repository/APN_Fina New Versi/List Data/Renewal 1-1'

2022-06-27 09:49:35 - [MESSAGE][WARNING] - Timeout '0' is invalid. Using default page load timeout: '30'

2022-06-27 09:49:36 - [MESSAGE][PASSED] - Tapped on element 'Object Repository/APN_Fina New Versi/List Data/Renewal 1-1'

2022-06-27 09:49:36 - [TEST_STEP][PASSED] - delay(10): Delayed 10 second(s)

2022-06-27 09:49:46 - [MESSAGE][PASSED] - Delayed 10 second(s)

2022-06-27 09:49:46 - [TEST_STEP][PASSED] - "start": null

2022-06-27 09:49:46 - [TEST_STEP][PASSED] - device_Height = getDeviceHeight(): Current device physical height is 2131

2022-06-27 09:49:46 - [MESSAGE][PASSED] - Current device physical height is 2131

2022-06-27 09:49:46 - [TEST_STEP][PASSED] - device_Width = getDeviceWidth(): Current device physical width is 1080

2022-06-27 09:49:47 - [MESSAGE][PASSED] - Current device physical width is 1080

2022-06-27 09:49:47 - [TEST_STEP][PASSED] - startX = device_Width / 2: null

2022-06-27 09:49:47 - [TEST_STEP][PASSED] - endX = startX: null

2022-06-27 09:49:47 - [TEST_STEP][PASSED] - startY = device_Height * 0.30: null

2022-06-27 09:49:47 - [TEST_STEP][PASSED] - endY = device_Height * 0.70: null

2022-06-27 09:49:47 - [TEST_STEP][PASSED] - swipe(startX, endY, endX, startY): Swiped from 540,1,491 to 540,639

2022-06-27 09:49:48 - [MESSAGE][PASSED] - Swiped from 540,1,491 to 540,639

2022-06-27 09:49:48 - [TEST_STEP][PASSED] - comment("end"): end

2022-06-27 09:49:48 - [MESSAGE][INFO] - end

2022-06-27 09:49:48 - [TEST_STEP][PASSED] - tap(findTestObject("DMS_FINA_Mobile/FINA_Renewal_Asuransi/FINA_RenewalAsr_DetailAsr_TLO 3thn_Radiobutton"), 0): Tapped on element 'Object Repository/DMS_FINA_Mobile/FINA_Renewal_Asuransi/FINA_RenewalAsr_DetailAsr_TLO 3thn_Radiobutton'

2022-06-27 09:49:48 - [MESSAGE][WARNING] - Timeout '0' is invalid. Using default page load timeout: '30'

2022-06-27 09:49:49 - [MESSAGE][PASSED] - Tapped on element 'Object Repository/DMS_FINA_Mobile/FINA_Renewal_Asuransi/FINA_RenewalAsr_DetailAsr_TLO 3thn_Radiobutton'

2022-06-27 09:49:49 - [TEST_STEP][PASSED] - delay(1): Delayed 1 second(s)

2022-06-27 09:49:50 - [MESSAGE][PASSED] - Delayed 1 second(s)

2022-06-27 09:49:50 - [TEST_STEP][PASSED] - takeScreenshotAsCheckpoint(baseDir + sspathasuransicakpro + "skenario-14.4-submit renewal" + ".png", STOP_ON_FAILURE): Screenshot is taken

2022-06-27 09:49:52 - [MESSAGE][INFO] - 0 hidden object(s)

2022-06-27 09:49:52 - [MESSAGE][PASSED] - Screenshot is taken
[[ATTACHMENT|C:\Users\Nia Yusniati\Git_Asa\katalon-fina\Screenshots\mobile\cakpro\keyes\keyes-skenario-14.4-submit renewal.png]]

2022-06-27 09:49:52 - [TEST_STEP][PASSED] - Lanjutkan = findElement(findTestObject("DMS_FINA_Mobile/FINA_Renewal_Asuransi/FINA_RenewalAsr_DetailAsr_Lanjutkan_Button"), 10): null

2022-06-27 09:49:54 - [TEST_STEP][PASSED] - Lanjutkan.click(): null

2022-06-27 09:49:55 - [TEST_STEP][PASSED] - delay(10): Delayed 10 second(s)

2022-06-27 09:50:05 - [MESSAGE][PASSED] - Delayed 10 second(s)

2022-06-27 09:50:05 - [TEST_STEP][PASSED] - takeScreenshotAsCheckpoint(baseDir + sspathasuransicakpro + "skenario-14.5-konfirmasi renewal" + ".png", STOP_ON_FAILURE): Screenshot is taken

2022-06-27 09:50:07 - [MESSAGE][INFO] - 0 hidden object(s)

2022-06-27 09:50:07 - [MESSAGE][PASSED] - Screenshot is taken
[[ATTACHMENT|C:\Users\Nia Yusniati\Git_Asa\katalon-fina\Screenshots\mobile\cakpro\keyes\keyes-skenario-14.5-konfirmasi renewal.png]]

2022-06-27 09:50:07 - [TEST_STEP][PASSED] - Submit = findElement(findTestObject("DMS_FINA_Mobile/FINA_Renewal_Asuransi/FINA_RenewalAsr_DetailAsr_Submit_Button"), 10): null

2022-06-27 09:50:08 - [TEST_STEP][PASSED] - Submit.click(): null

2022-06-27 09:50:08 - [TEST_STEP][PASSED] - tap(findTestObject("DMS_FINA_Mobile/FINA_Renewal_Asuransi/FINA_RenewalAsr_Submit_Ya_Button"), 0): Tapped on element 'Object Repository/DMS_FINA_Mobile/FINA_Renewal_Asuransi/FINA_RenewalAsr_Submit_Ya_Button'

2022-06-27 09:50:08 - [MESSAGE][WARNING] - Timeout '0' is invalid. Using default page load timeout: '30'

2022-06-27 09:50:10 - [MESSAGE][PASSED] - Tapped on element 'Object Repository/DMS_FINA_Mobile/FINA_Renewal_Asuransi/FINA_RenewalAsr_Submit_Ya_Button'

2022-06-27 09:50:10 - [TEST_STEP][PASSED] - delay(10): Delayed 10 second(s)

2022-06-27 09:50:20 - [MESSAGE][PASSED] - Delayed 10 second(s)

2022-06-27 09:50:20 - [TEST_STEP][PASSED] - takeScreenshotAsCheckpoint(baseDir + sspathasuransicakpro + "skenario-14.6-berhasil submit renewal" + ".png", STOP_ON_FAILURE): Screenshot is taken

2022-06-27 09:50:21 - [MESSAGE][INFO] - 0 hidden object(s)

2022-06-27 09:50:22 - [MESSAGE][PASSED] - Screenshot is taken
[[ATTACHMENT|C:\Users\Nia Yusniati\Git_Asa\katalon-fina\Screenshots\mobile\cakpro\keyes\keyes-skenario-14.6-berhasil submit renewal.png]]

2022-06-27 09:50:22 - [TEST_STEP][PASSED] - tap(findTestObject("DMS_FINA_Mobile/FINA_Renewal_Asuransi/FINA_RenewalAsr_Submit_Kembali_Button"), 0): Tapped on element 'Object Repository/DMS_FINA_Mobile/FINA_Renewal_Asuransi/FINA_RenewalAsr_Submit_Kembali_Button'

2022-06-27 09:50:22 - [MESSAGE][WARNING] - Timeout '0' is invalid. Using default page load timeout: '30'

2022-06-27 09:50:23 - [MESSAGE][PASSED] - Tapped on element 'Object Repository/DMS_FINA_Mobile/FINA_Renewal_Asuransi/FINA_RenewalAsr_Submit_Kembali_Button'

2022-06-27 09:50:23 - [TEST_STEP][PASSED] - pressBack(): Press back button successfully

2022-06-27 09:50:24 - [MESSAGE][PASSED] - Press back button successfully

2022-06-27 09:50:24 - [TEST_STEP][PASSED] - pressBack(): Press back button successfully

2022-06-27 09:50:26 - [MESSAGE][PASSED] - Press back button successfully

2022-06-27 09:50:26 - [TEST_STEP][PASSED] - Account = findElement(findTestObject("Object Repository/DMS_FINA_Mobile/FINA_BottomNav_Account_Button"), 10): null

2022-06-27 09:50:27 - [TEST_STEP][PASSED] - Account.click(): null

2022-06-27 09:50:27 - [TEST_STEP][PASSED] - delay(5): Delayed 5 second(s)

2022-06-27 09:50:32 - [MESSAGE][PASSED] - Delayed 5 second(s)]]></system-out>
         <system-err><![CDATA[]]></system-err>
      </testcase>
      <system-out><![CDATA[2022-06-27 09:47:41 - [TEST_SUITE][PASSED] - 1. Login - submit: Test Cases/DMS_Renewal dan Upgrade Asuransi Aswata/Matriks 9.14/14.2. Renewal Asuransi]]></system-out>
      <system-err><![CDATA[]]></system-err>
   </testsuite>
</testsuites>
